mode: atomic
github.com/fall-out-bug/sdp/src/sdp/reality/detectors.go:11.77,13.73 1 24
github.com/fall-out-bug/sdp/src/sdp/reality/detectors.go:13.73,17.3 3 5
github.com/fall-out-bug/sdp/src/sdp/reality/detectors.go:20.2,20.81 1 19
github.com/fall-out-bug/sdp/src/sdp/reality/detectors.go:20.81,24.3 3 4
github.com/fall-out-bug/sdp/src/sdp/reality/detectors.go:25.2,25.83 1 15
github.com/fall-out-bug/sdp/src/sdp/reality/detectors.go:25.83,29.3 3 5
github.com/fall-out-bug/sdp/src/sdp/reality/detectors.go:30.2,30.75 1 10
github.com/fall-out-bug/sdp/src/sdp/reality/detectors.go:30.75,34.3 3 1
github.com/fall-out-bug/sdp/src/sdp/reality/detectors.go:37.2,37.74 1 9
github.com/fall-out-bug/sdp/src/sdp/reality/detectors.go:37.74,41.3 3 1
github.com/fall-out-bug/sdp/src/sdp/reality/detectors.go:42.2,42.79 1 8
github.com/fall-out-bug/sdp/src/sdp/reality/detectors.go:42.79,46.3 3 1
github.com/fall-out-bug/sdp/src/sdp/reality/detectors.go:49.2,49.79 1 7
github.com/fall-out-bug/sdp/src/sdp/reality/detectors.go:49.79,53.3 3 6
github.com/fall-out-bug/sdp/src/sdp/reality/detectors.go:55.2,55.22 1 1
github.com/fall-out-bug/sdp/src/sdp/reality/detectors.go:59.51,62.16 3 5
github.com/fall-out-bug/sdp/src/sdp/reality/detectors.go:62.16,64.3 1 0
github.com/fall-out-bug/sdp/src/sdp/reality/detectors.go:65.2,68.21 3 5
github.com/fall-out-bug/sdp/src/sdp/reality/detectors.go:68.21,70.46 2 13
github.com/fall-out-bug/sdp/src/sdp/reality/detectors.go:70.46,72.4 1 1
github.com/fall-out-bug/sdp/src/sdp/reality/detectors.go:73.3,73.44 1 12
github.com/fall-out-bug/sdp/src/sdp/reality/detectors.go:73.44,75.4 1 1
github.com/fall-out-bug/sdp/src/sdp/reality/detectors.go:76.3,76.38 1 11
github.com/fall-out-bug/sdp/src/sdp/reality/detectors.go:76.38,78.4 1 1
github.com/fall-out-bug/sdp/src/sdp/reality/detectors.go:81.2,81.11 1 2
github.com/fall-out-bug/sdp/src/sdp/reality/detectors.go:85.55,88.53 2 10
github.com/fall-out-bug/sdp/src/sdp/reality/detectors.go:88.53,91.22 3 4
github.com/fall-out-bug/sdp/src/sdp/reality/detectors.go:91.22,93.40 2 11
github.com/fall-out-bug/sdp/src/sdp/reality/detectors.go:93.40,95.5 1 1
github.com/fall-out-bug/sdp/src/sdp/reality/detectors.go:96.4,96.39 1 10
github.com/fall-out-bug/sdp/src/sdp/reality/detectors.go:96.39,98.5 1 1
github.com/fall-out-bug/sdp/src/sdp/reality/detectors.go:99.4,99.41 1 9
github.com/fall-out-bug/sdp/src/sdp/reality/detectors.go:99.41,101.5 1 1
github.com/fall-out-bug/sdp/src/sdp/reality/detectors.go:106.2,107.47 2 7
github.com/fall-out-bug/sdp/src/sdp/reality/detectors.go:107.47,110.22 3 5
github.com/fall-out-bug/sdp/src/sdp/reality/detectors.go:110.22,112.41 2 5
github.com/fall-out-bug/sdp/src/sdp/reality/detectors.go:112.41,114.5 1 1
github.com/fall-out-bug/sdp/src/sdp/reality/detectors.go:115.4,115.40 1 4
github.com/fall-out-bug/sdp/src/sdp/reality/detectors.go:115.40,117.5 1 1
github.com/fall-out-bug/sdp/src/sdp/reality/detectors.go:118.4,118.42 1 3
github.com/fall-out-bug/sdp/src/sdp/reality/detectors.go:118.42,120.5 1 1
github.com/fall-out-bug/sdp/src/sdp/reality/detectors.go:124.2,124.11 1 4
github.com/fall-out-bug/sdp/src/sdp/reality/detectors.go:128.53,131.16 3 6
github.com/fall-out-bug/sdp/src/sdp/reality/detectors.go:131.16,133.3 1 0
github.com/fall-out-bug/sdp/src/sdp/reality/detectors.go:134.2,137.21 3 6
github.com/fall-out-bug/sdp/src/sdp/reality/detectors.go:137.21,139.44 2 6
github.com/fall-out-bug/sdp/src/sdp/reality/detectors.go:139.44,141.4 1 1
github.com/fall-out-bug/sdp/src/sdp/reality/detectors.go:142.3,142.42 1 5
github.com/fall-out-bug/sdp/src/sdp/reality/detectors.go:142.42,144.4 1 1
github.com/fall-out-bug/sdp/src/sdp/reality/detectors.go:145.3,145.40 1 4
github.com/fall-out-bug/sdp/src/sdp/reality/detectors.go:145.40,147.4 1 1
github.com/fall-out-bug/sdp/src/sdp/reality/detectors.go:148.3,148.43 1 3
github.com/fall-out-bug/sdp/src/sdp/reality/detectors.go:148.43,150.4 1 0
github.com/fall-out-bug/sdp/src/sdp/reality/detectors.go:153.2,153.11 1 3
github.com/fall-out-bug/sdp/src/sdp/reality/scanner.go:27.60,31.2 1 0
github.com/fall-out-bug/sdp/src/sdp/reality/scanner.go:34.54,45.91 5 0
github.com/fall-out-bug/sdp/src/sdp/reality/scanner.go:45.91,46.17 1 0
github.com/fall-out-bug/sdp/src/sdp/reality/scanner.go:46.17,48.4 1 0
github.com/fall-out-bug/sdp/src/sdp/reality/scanner.go:51.3,51.75 1 0
github.com/fall-out-bug/sdp/src/sdp/reality/scanner.go:51.75,52.20 1 0
github.com/fall-out-bug/sdp/src/sdp/reality/scanner.go:52.20,54.5 1 0
github.com/fall-out-bug/sdp/src/sdp/reality/scanner.go:55.4,55.14 1 0
github.com/fall-out-bug/sdp/src/sdp/reality/scanner.go:59.3,59.36 1 0
github.com/fall-out-bug/sdp/src/sdp/reality/scanner.go:59.36,61.4 1 0
github.com/fall-out-bug/sdp/src/sdp/reality/scanner.go:64.3,64.19 1 0
github.com/fall-out-bug/sdp/src/sdp/reality/scanner.go:64.19,66.87 2 0
github.com/fall-out-bug/sdp/src/sdp/reality/scanner.go:66.87,68.5 1 0
github.com/fall-out-bug/sdp/src/sdp/reality/scanner.go:69.4,70.14 2 0
github.com/fall-out-bug/sdp/src/sdp/reality/scanner.go:74.3,79.54 2 0
github.com/fall-out-bug/sdp/src/sdp/reality/scanner.go:79.54,81.4 1 0
github.com/fall-out-bug/sdp/src/sdp/reality/scanner.go:84.3,85.17 2 0
github.com/fall-out-bug/sdp/src/sdp/reality/scanner.go:85.17,87.4 1 0
github.com/fall-out-bug/sdp/src/sdp/reality/scanner.go:89.3,89.13 1 0
github.com/fall-out-bug/sdp/src/sdp/reality/scanner.go:92.2,92.16 1 0
github.com/fall-out-bug/sdp/src/sdp/reality/scanner.go:92.16,94.3 1 0
github.com/fall-out-bug/sdp/src/sdp/reality/scanner.go:96.2,96.20 1 0
github.com/fall-out-bug/sdp/src/sdp/reality/scanner.go:100.47,102.16 2 0
github.com/fall-out-bug/sdp/src/sdp/reality/scanner.go:102.16,104.3 1 0
github.com/fall-out-bug/sdp/src/sdp/reality/scanner.go:105.2,109.21 4 0
github.com/fall-out-bug/sdp/src/sdp/reality/scanner.go:109.21,111.84 2 0
github.com/fall-out-bug/sdp/src/sdp/reality/scanner.go:111.84,113.4 1 0
github.com/fall-out-bug/sdp/src/sdp/reality/scanner.go:116.2,116.29 1 0
