mode: set
github.com/fall-out-bug/sdp/src/sdp/agents/synthesis_agent.go:110.52,117.2 3 1
github.com/fall-out-bug/sdp/src/sdp/agents/synthesis_agent.go:120.99,123.16 2 1
github.com/fall-out-bug/sdp/src/sdp/agents/synthesis_agent.go:123.16,125.3 1 0
github.com/fall-out-bug/sdp/src/sdp/agents/synthesis_agent.go:128.2,133.16 4 1
github.com/fall-out-bug/sdp/src/sdp/agents/synthesis_agent.go:133.16,135.3 1 0
github.com/fall-out-bug/sdp/src/sdp/agents/synthesis_agent.go:137.2,140.8 1 1
github.com/fall-out-bug/sdp/src/sdp/agents/synthesis_agent.go:144.99,151.32 4 1
github.com/fall-out-bug/sdp/src/sdp/agents/synthesis_agent.go:151.32,152.21 1 1
github.com/fall-out-bug/sdp/src/sdp/agents/synthesis_agent.go:152.21,153.12 1 0
github.com/fall-out-bug/sdp/src/sdp/agents/synthesis_agent.go:156.3,169.30 5 1
github.com/fall-out-bug/sdp/src/sdp/agents/synthesis_agent.go:169.30,172.63 2 1
github.com/fall-out-bug/sdp/src/sdp/agents/synthesis_agent.go:172.63,176.13 3 0
github.com/fall-out-bug/sdp/src/sdp/agents/synthesis_agent.go:179.4,179.77 1 1
github.com/fall-out-bug/sdp/src/sdp/agents/synthesis_agent.go:179.77,185.83 4 1
github.com/fall-out-bug/sdp/src/sdp/agents/synthesis_agent.go:185.83,187.31 2 1
github.com/fall-out-bug/sdp/src/sdp/agents/synthesis_agent.go:187.31,189.18 2 1
github.com/fall-out-bug/sdp/src/sdp/agents/synthesis_agent.go:189.18,195.8 1 1
github.com/fall-out-bug/sdp/src/sdp/agents/synthesis_agent.go:198.5,198.13 1 1
github.com/fall-out-bug/sdp/src/sdp/agents/synthesis_agent.go:201.4,201.43 1 1
github.com/fall-out-bug/sdp/src/sdp/agents/synthesis_agent.go:201.43,207.83 4 1
github.com/fall-out-bug/sdp/src/sdp/agents/synthesis_agent.go:207.83,209.31 2 1
github.com/fall-out-bug/sdp/src/sdp/agents/synthesis_agent.go:209.31,211.18 2 1
github.com/fall-out-bug/sdp/src/sdp/agents/synthesis_agent.go:211.18,217.8 1 1
github.com/fall-out-bug/sdp/src/sdp/agents/synthesis_agent.go:220.5,220.13 1 1
github.com/fall-out-bug/sdp/src/sdp/agents/synthesis_agent.go:224.4,224.36 1 1
github.com/fall-out-bug/sdp/src/sdp/agents/synthesis_agent.go:224.36,226.80 2 1
github.com/fall-out-bug/sdp/src/sdp/agents/synthesis_agent.go:226.80,232.26 2 0
github.com/fall-out-bug/sdp/src/sdp/agents/synthesis_agent.go:232.26,234.7 1 0
github.com/fall-out-bug/sdp/src/sdp/agents/synthesis_agent.go:234.12,234.34 1 0
github.com/fall-out-bug/sdp/src/sdp/agents/synthesis_agent.go:234.34,236.7 1 0
github.com/fall-out-bug/sdp/src/sdp/agents/synthesis_agent.go:241.3,241.42 1 1
github.com/fall-out-bug/sdp/src/sdp/agents/synthesis_agent.go:244.2,244.23 1 1
github.com/fall-out-bug/sdp/src/sdp/agents/synthesis_agent.go:248.110,259.50 2 1
github.com/fall-out-bug/sdp/src/sdp/agents/synthesis_agent.go:259.50,262.3 2 1
github.com/fall-out-bug/sdp/src/sdp/agents/synthesis_agent.go:264.2,264.22 1 1
github.com/fall-out-bug/sdp/src/sdp/agents/synthesis_agent.go:268.83,286.89 3 1
github.com/fall-out-bug/sdp/src/sdp/agents/synthesis_agent.go:286.89,295.3 1 1
github.com/fall-out-bug/sdp/src/sdp/agents/synthesis_agent.go:297.2,298.17 2 1
github.com/fall-out-bug/sdp/src/sdp/agents/synthesis_agent.go:302.87,303.29 1 1
github.com/fall-out-bug/sdp/src/sdp/agents/synthesis_agent.go:303.29,305.3 1 0
github.com/fall-out-bug/sdp/src/sdp/agents/synthesis_agent.go:307.2,310.38 3 1
github.com/fall-out-bug/sdp/src/sdp/agents/synthesis_agent.go:310.38,312.21 2 1
github.com/fall-out-bug/sdp/src/sdp/agents/synthesis_agent.go:312.21,314.4 1 1
github.com/fall-out-bug/sdp/src/sdp/agents/synthesis_agent.go:317.2,321.3 1 1
github.com/fall-out-bug/sdp/src/sdp/agents/synthesis_agent.go:325.121,329.37 2 1
github.com/fall-out-bug/sdp/src/sdp/agents/synthesis_agent.go:329.37,331.3 1 1
github.com/fall-out-bug/sdp/src/sdp/agents/synthesis_agent.go:333.2,333.33 1 1
github.com/fall-out-bug/sdp/src/sdp/agents/synthesis_agent.go:337.98,340.47 2 1
github.com/fall-out-bug/sdp/src/sdp/agents/synthesis_agent.go:340.47,342.3 1 0
github.com/fall-out-bug/sdp/src/sdp/agents/synthesis_agent.go:345.2,346.16 2 1
github.com/fall-out-bug/sdp/src/sdp/agents/synthesis_agent.go:346.16,348.3 1 0
github.com/fall-out-bug/sdp/src/sdp/agents/synthesis_agent.go:351.2,351.61 1 1
github.com/fall-out-bug/sdp/src/sdp/agents/synthesis_agent.go:351.61,353.3 1 0
github.com/fall-out-bug/sdp/src/sdp/agents/synthesis_agent.go:355.2,355.12 1 1
github.com/fall-out-bug/sdp/src/sdp/agents/synthesis_agent.go:359.128,362.16 2 1
github.com/fall-out-bug/sdp/src/sdp/agents/synthesis_agent.go:362.16,364.3 1 0
github.com/fall-out-bug/sdp/src/sdp/agents/synthesis_agent.go:367.2,368.16 2 1
github.com/fall-out-bug/sdp/src/sdp/agents/synthesis_agent.go:368.16,370.3 1 0
github.com/fall-out-bug/sdp/src/sdp/agents/synthesis_agent.go:378.2,388.16 3 1
github.com/fall-out-bug/sdp/src/sdp/agents/synthesis_agent.go:388.16,390.3 1 0
github.com/fall-out-bug/sdp/src/sdp/agents/synthesis_agent.go:393.2,394.68 2 1
github.com/fall-out-bug/sdp/src/sdp/agents/synthesis_agent.go:394.68,396.3 1 0
github.com/fall-out-bug/sdp/src/sdp/agents/synthesis_agent.go:398.2,398.20 1 1
