mode: set
github.com/ai-masters/sdp/internal/beads/client.go:33.35,36.16 3 1
github.com/ai-masters/sdp/internal/beads/client.go:36.16,38.3 1 1
github.com/ai-masters/sdp/internal/beads/client.go:40.2,43.8 1 1
github.com/ai-masters/sdp/internal/beads/client.go:47.42,48.23 1 1
github.com/ai-masters/sdp/internal/beads/client.go:48.23,50.3 1 1
github.com/ai-masters/sdp/internal/beads/client.go:52.2,53.16 2 1
github.com/ai-masters/sdp/internal/beads/client.go:53.16,55.3 1 0
github.com/ai-masters/sdp/internal/beads/client.go:57.2,58.18 2 1
github.com/ai-masters/sdp/internal/beads/client.go:58.18,60.3 1 0
github.com/ai-masters/sdp/internal/beads/client.go:61.2,61.19 1 1
github.com/ai-masters/sdp/internal/beads/client.go:65.54,66.23 1 1
github.com/ai-masters/sdp/internal/beads/client.go:66.23,68.3 1 1
github.com/ai-masters/sdp/internal/beads/client.go:70.2,71.16 2 0
github.com/ai-masters/sdp/internal/beads/client.go:71.16,73.3 1 0
github.com/ai-masters/sdp/internal/beads/client.go:75.2,77.29 3 0
github.com/ai-masters/sdp/internal/beads/client.go:77.29,78.40 1 0
github.com/ai-masters/sdp/internal/beads/client.go:78.40,80.4 1 0
github.com/ai-masters/sdp/internal/beads/client.go:80.9,80.48 1 0
github.com/ai-masters/sdp/internal/beads/client.go:80.48,82.4 1 0
github.com/ai-masters/sdp/internal/beads/client.go:82.9,82.50 1 0
github.com/ai-masters/sdp/internal/beads/client.go:82.50,84.4 1 0
github.com/ai-masters/sdp/internal/beads/client.go:87.2,87.18 1 0
github.com/ai-masters/sdp/internal/beads/client.go:91.62,92.23 1 0
github.com/ai-masters/sdp/internal/beads/client.go:92.23,94.3 1 0
github.com/ai-masters/sdp/internal/beads/client.go:96.2,97.16 2 0
github.com/ai-masters/sdp/internal/beads/client.go:97.16,99.3 1 0
github.com/ai-masters/sdp/internal/beads/client.go:101.2,101.12 1 0
github.com/ai-masters/sdp/internal/beads/client.go:105.60,107.16 2 1
github.com/ai-masters/sdp/internal/beads/client.go:107.16,109.3 1 0
github.com/ai-masters/sdp/internal/beads/client.go:111.2,111.32 1 1
github.com/ai-masters/sdp/internal/beads/client.go:111.32,112.26 1 1
github.com/ai-masters/sdp/internal/beads/client.go:112.26,114.4 1 1
github.com/ai-masters/sdp/internal/beads/client.go:117.2,117.71 1 1
github.com/ai-masters/sdp/internal/beads/client.go:121.63,123.16 2 1
github.com/ai-masters/sdp/internal/beads/client.go:123.16,125.3 1 0
github.com/ai-masters/sdp/internal/beads/client.go:127.2,127.32 1 1
github.com/ai-masters/sdp/internal/beads/client.go:127.32,128.31 1 1
github.com/ai-masters/sdp/internal/beads/client.go:128.31,130.4 1 1
github.com/ai-masters/sdp/internal/beads/client.go:133.2,133.69 1 1
github.com/ai-masters/sdp/internal/beads/client.go:137.56,139.16 2 1
github.com/ai-masters/sdp/internal/beads/client.go:139.16,141.3 1 0
github.com/ai-masters/sdp/internal/beads/client.go:142.2,147.21 4 1
github.com/ai-masters/sdp/internal/beads/client.go:147.21,149.17 2 1
github.com/ai-masters/sdp/internal/beads/client.go:149.17,150.12 1 0
github.com/ai-masters/sdp/internal/beads/client.go:153.3,154.62 2 1
github.com/ai-masters/sdp/internal/beads/client.go:154.62,155.12 1 1
github.com/ai-masters/sdp/internal/beads/client.go:158.3,158.35 1 1
github.com/ai-masters/sdp/internal/beads/client.go:161.2,161.38 1 1
github.com/ai-masters/sdp/internal/beads/client.go:161.38,163.3 1 0
github.com/ai-masters/sdp/internal/beads/client.go:165.2,165.21 1 1
github.com/ai-masters/sdp/internal/beads/client.go:169.54,173.29 3 1
github.com/ai-masters/sdp/internal/beads/client.go:173.29,175.52 2 1
github.com/ai-masters/sdp/internal/beads/client.go:175.52,176.12 1 1
github.com/ai-masters/sdp/internal/beads/client.go:179.3,180.21 2 1
github.com/ai-masters/sdp/internal/beads/client.go:180.21,182.41 2 1
github.com/ai-masters/sdp/internal/beads/client.go:182.41,188.5 2 1
github.com/ai-masters/sdp/internal/beads/client.go:192.2,192.18 1 1
github.com/ai-masters/sdp/internal/beads/client.go:192.18,194.3 1 1
github.com/ai-masters/sdp/internal/beads/client.go:195.2,195.14 1 1
github.com/ai-masters/sdp/internal/beads/mapping.go:11.60,13.16 2 1
github.com/ai-masters/sdp/internal/beads/mapping.go:13.16,15.3 1 0
github.com/ai-masters/sdp/internal/beads/mapping.go:18.2,19.32 2 1
github.com/ai-masters/sdp/internal/beads/mapping.go:19.32,20.26 1 1
github.com/ai-masters/sdp/internal/beads/mapping.go:20.26,25.9 4 1
github.com/ai-masters/sdp/internal/beads/mapping.go:29.2,29.12 1 1
github.com/ai-masters/sdp/internal/beads/mapping.go:29.12,37.3 2 1
github.com/ai-masters/sdp/internal/beads/mapping.go:40.2,40.32 1 1
github.com/ai-masters/sdp/internal/beads/mapping.go:44.61,46.16 2 1
github.com/ai-masters/sdp/internal/beads/mapping.go:46.16,48.3 1 0
github.com/ai-masters/sdp/internal/beads/mapping.go:49.2,51.32 2 1
github.com/ai-masters/sdp/internal/beads/mapping.go:51.32,53.17 2 1
github.com/ai-masters/sdp/internal/beads/mapping.go:53.17,55.4 1 0
github.com/ai-masters/sdp/internal/beads/mapping.go:57.3,57.59 1 1
github.com/ai-masters/sdp/internal/beads/mapping.go:57.59,59.4 1 0
github.com/ai-masters/sdp/internal/beads/mapping.go:62.2,62.12 1 1
github.com/ai-masters/sdp/internal/beads/sync.go:9.31,10.23 1 1
github.com/ai-masters/sdp/internal/beads/sync.go:10.23,13.3 1 1
github.com/ai-masters/sdp/internal/beads/sync.go:15.2,17.16 3 0
github.com/ai-masters/sdp/internal/beads/sync.go:17.16,19.3 1 0
github.com/ai-masters/sdp/internal/beads/sync.go:21.2,21.12 1 0
github.com/ai-masters/sdp/internal/beads/utils.go:10.66,13.16 3 1
github.com/ai-masters/sdp/internal/beads/utils.go:13.16,15.3 1 0
github.com/ai-masters/sdp/internal/beads/utils.go:17.2,17.28 1 1
github.com/ai-masters/sdp/internal/beads/utils.go:21.30,24.2 2 1
github.com/ai-masters/sdp/internal/beads/utils.go:27.40,34.32 2 1
github.com/ai-masters/sdp/internal/beads/utils.go:34.32,35.41 1 1
github.com/ai-masters/sdp/internal/beads/utils.go:35.41,37.4 1 0
github.com/ai-masters/sdp/internal/beads/utils.go:40.2,40.49 1 1
github.com/ai-masters/sdp/internal/tdd/language.go:22.35,23.11 1 1
github.com/ai-masters/sdp/internal/tdd/language.go:24.14,25.18 1 1
github.com/ai-masters/sdp/internal/tdd/language.go:26.10,27.14 1 1
github.com/ai-masters/sdp/internal/tdd/language.go:28.12,29.16 1 1
github.com/ai-masters/sdp/internal/tdd/language.go:30.10,31.19 1 1
github.com/ai-masters/sdp/internal/tdd/language.go:36.71,38.73 1 1
github.com/ai-masters/sdp/internal/tdd/language.go:38.73,40.3 1 1
github.com/ai-masters/sdp/internal/tdd/language.go:43.2,43.81 1 1
github.com/ai-masters/sdp/internal/tdd/language.go:43.81,45.3 1 1
github.com/ai-masters/sdp/internal/tdd/language.go:48.2,48.74 1 1
github.com/ai-masters/sdp/internal/tdd/language.go:48.74,50.3 1 1
github.com/ai-masters/sdp/internal/tdd/language.go:52.2,52.113 1 1
github.com/ai-masters/sdp/internal/tdd/language.go:56.42,57.20 1 1
github.com/ai-masters/sdp/internal/tdd/language.go:58.14,59.18 1 1
github.com/ai-masters/sdp/internal/tdd/language.go:60.10,61.19 1 1
github.com/ai-masters/sdp/internal/tdd/language.go:62.12,63.20 1 1
github.com/ai-masters/sdp/internal/tdd/language.go:64.10,65.12 1 0
github.com/ai-masters/sdp/internal/tdd/phase.go:16.32,17.11 1 1
github.com/ai-masters/sdp/internal/tdd/phase.go:18.11,19.15 1 1
github.com/ai-masters/sdp/internal/tdd/phase.go:20.13,21.17 1 1
github.com/ai-masters/sdp/internal/tdd/phase.go:22.16,23.20 1 1
github.com/ai-masters/sdp/internal/tdd/phase.go:24.10,25.19 1 1
github.com/ai-masters/sdp/internal/tdd/runner.go:31.98,38.25 3 1
github.com/ai-masters/sdp/internal/tdd/runner.go:38.25,40.3 1 1
github.com/ai-masters/sdp/internal/tdd/runner.go:43.2,48.36 4 1
github.com/ai-masters/sdp/internal/tdd/runner.go:48.36,55.3 1 0
github.com/ai-masters/sdp/internal/tdd/runner.go:58.2,59.12 2 1
github.com/ai-masters/sdp/internal/tdd/runner.go:59.12,61.3 1 1
github.com/ai-masters/sdp/internal/tdd/runner.go:63.2,63.9 1 1
github.com/ai-masters/sdp/internal/tdd/runner.go:64.20,72.15 2 1
github.com/ai-masters/sdp/internal/tdd/runner.go:73.21,85.19 2 1
github.com/ai-masters/sdp/internal/tdd/runner.go:85.19,87.18 1 1
github.com/ai-masters/sdp/internal/tdd/runner.go:87.18,89.5 1 1
github.com/ai-masters/sdp/internal/tdd/runner.go:90.4,90.22 1 0
github.com/ai-masters/sdp/internal/tdd/runner.go:94.3,94.17 1 1
github.com/ai-masters/sdp/internal/tdd/runner.go:94.17,96.4 1 0
github.com/ai-masters/sdp/internal/tdd/runner.go:98.3,98.21 1 1
github.com/ai-masters/sdp/internal/tdd/runner.go:103.91,107.31 3 1
github.com/ai-masters/sdp/internal/tdd/runner.go:107.31,109.33 2 1
github.com/ai-masters/sdp/internal/tdd/runner.go:109.33,112.4 1 0
github.com/ai-masters/sdp/internal/tdd/runner.go:113.3,113.36 1 1
github.com/ai-masters/sdp/internal/tdd/runner.go:116.2,116.21 1 1
github.com/ai-masters/sdp/internal/tdd/runner.go:120.60,121.20 1 1
github.com/ai-masters/sdp/internal/tdd/runner.go:122.14,124.46 1 1
github.com/ai-masters/sdp/internal/tdd/runner.go:125.10,128.13 2 1
github.com/ai-masters/sdp/internal/tdd/runner.go:129.12,131.51 1 1
github.com/ai-masters/sdp/internal/tdd/runner.go:132.10,134.39 1 0
github.com/ai-masters/sdp/internal/tdd/runner.go:134.39,136.4 1 0
github.com/ai-masters/sdp/internal/tdd/runner.go:137.3,137.41 1 0
github.com/ai-masters/sdp/internal/tdd/runner.go:142.48,166.42 2 0
github.com/ai-masters/sdp/internal/tdd/runner.go:166.42,167.25 1 0
github.com/ai-masters/sdp/internal/tdd/runner.go:167.25,169.4 1 0
github.com/ai-masters/sdp/internal/tdd/runner.go:171.2,171.14 1 0
github.com/ai-masters/sdp/internal/tdd/runner.go:175.43,177.18 2 1
github.com/ai-masters/sdp/internal/tdd/runner.go:178.14,179.21 1 1
github.com/ai-masters/sdp/internal/tdd/runner.go:180.10,181.22 1 1
github.com/ai-masters/sdp/internal/tdd/runner.go:182.12,183.23 1 1
github.com/ai-masters/sdp/internal/tdd/runner.go:188.2,189.16 2 1
github.com/ai-masters/sdp/internal/tdd/runner.go:189.16,192.3 1 0
github.com/ai-masters/sdp/internal/tdd/runner.go:194.2,198.3 1 1
github.com/ai-masters/sdp/internal/tdd/runner.go:202.56,205.16 2 1
github.com/ai-masters/sdp/internal/tdd/runner.go:205.16,207.3 1 0
github.com/ai-masters/sdp/internal/tdd/runner.go:209.2,211.6 2 1
github.com/ai-masters/sdp/internal/tdd/runner.go:211.6,213.72 1 1
github.com/ai-masters/sdp/internal/tdd/runner.go:213.72,214.71 1 1
github.com/ai-masters/sdp/internal/tdd/runner.go:214.71,216.5 1 1
github.com/ai-masters/sdp/internal/tdd/runner.go:220.3,221.28 2 1
github.com/ai-masters/sdp/internal/tdd/runner.go:221.28,224.4 1 0
github.com/ai-masters/sdp/internal/tdd/runner.go:225.3,225.23 1 1
github.com/ai-masters/sdp/internal/checkpoint/checkpoint.go:23.32,24.11 1 1
github.com/ai-masters/sdp/internal/checkpoint/checkpoint.go:25.70,26.14 1 1
github.com/ai-masters/sdp/internal/checkpoint/checkpoint.go:27.10,28.15 1 1
github.com/ai-masters/sdp/internal/checkpoint/checkpoint.go:50.38,54.2 1 1
github.com/ai-masters/sdp/internal/checkpoint/checkpoint.go:57.45,59.49 1 1
github.com/ai-masters/sdp/internal/checkpoint/checkpoint.go:59.49,61.3 1 0
github.com/ai-masters/sdp/internal/checkpoint/checkpoint.go:64.2,65.16 2 1
github.com/ai-masters/sdp/internal/checkpoint/checkpoint.go:65.16,67.3 1 0
github.com/ai-masters/sdp/internal/checkpoint/checkpoint.go:70.2,71.59 2 1
github.com/ai-masters/sdp/internal/checkpoint/checkpoint.go:71.59,73.3 1 0
github.com/ai-masters/sdp/internal/checkpoint/checkpoint.go:75.2,75.12 1 1
github.com/ai-masters/sdp/internal/checkpoint/checkpoint.go:79.55,83.16 3 1
github.com/ai-masters/sdp/internal/checkpoint/checkpoint.go:83.16,85.3 1 1
github.com/ai-masters/sdp/internal/checkpoint/checkpoint.go:87.2,88.50 2 1
github.com/ai-masters/sdp/internal/checkpoint/checkpoint.go:88.50,90.3 1 1
github.com/ai-masters/sdp/internal/checkpoint/checkpoint.go:92.2,92.16 1 1
github.com/ai-masters/sdp/internal/checkpoint/checkpoint.go:96.57,98.16 2 1
github.com/ai-masters/sdp/internal/checkpoint/checkpoint.go:98.16,100.3 1 1
github.com/ai-masters/sdp/internal/checkpoint/checkpoint.go:103.2,105.16 2 1
github.com/ai-masters/sdp/internal/checkpoint/checkpoint.go:109.48,111.16 2 1
github.com/ai-masters/sdp/internal/checkpoint/checkpoint.go:111.16,112.25 1 0
github.com/ai-masters/sdp/internal/checkpoint/checkpoint.go:112.25,114.4 1 0
github.com/ai-masters/sdp/internal/checkpoint/checkpoint.go:115.3,115.73 1 0
github.com/ai-masters/sdp/internal/checkpoint/checkpoint.go:118.2,119.32 2 1
github.com/ai-masters/sdp/internal/checkpoint/checkpoint.go:119.32,120.20 1 1
github.com/ai-masters/sdp/internal/checkpoint/checkpoint.go:120.20,121.12 1 0
github.com/ai-masters/sdp/internal/checkpoint/checkpoint.go:125.3,125.44 1 1
github.com/ai-masters/sdp/internal/checkpoint/checkpoint.go:125.44,126.12 1 1
github.com/ai-masters/sdp/internal/checkpoint/checkpoint.go:130.3,133.17 3 1
github.com/ai-masters/sdp/internal/checkpoint/checkpoint.go:133.17,135.12 1 1
github.com/ai-masters/sdp/internal/checkpoint/checkpoint.go:138.3,138.40 1 1
github.com/ai-masters/sdp/internal/checkpoint/checkpoint.go:142.2,142.46 1 1
github.com/ai-masters/sdp/internal/checkpoint/checkpoint.go:142.46,144.3 1 1
github.com/ai-masters/sdp/internal/checkpoint/checkpoint.go:146.2,146.25 1 1
github.com/ai-masters/sdp/internal/checkpoint/checkpoint.go:150.57,152.16 2 1
github.com/ai-masters/sdp/internal/checkpoint/checkpoint.go:152.16,154.3 1 0
github.com/ai-masters/sdp/internal/checkpoint/checkpoint.go:156.2,159.33 3 1
github.com/ai-masters/sdp/internal/checkpoint/checkpoint.go:159.33,161.35 1 1
github.com/ai-masters/sdp/internal/checkpoint/checkpoint.go:161.35,162.12 1 1
github.com/ai-masters/sdp/internal/checkpoint/checkpoint.go:165.3,165.34 1 1
github.com/ai-masters/sdp/internal/checkpoint/checkpoint.go:165.34,167.46 2 1
github.com/ai-masters/sdp/internal/checkpoint/checkpoint.go:167.46,169.5 1 0
github.com/ai-masters/sdp/internal/checkpoint/checkpoint.go:170.4,170.13 1 1
github.com/ai-masters/sdp/internal/checkpoint/checkpoint.go:174.2,174.21 1 1
github.com/ai-masters/sdp/internal/checkpoint/checkpoint.go:178.38,181.16 2 1
github.com/ai-masters/sdp/internal/checkpoint/checkpoint.go:181.16,183.3 1 0
github.com/ai-masters/sdp/internal/checkpoint/checkpoint.go:186.2,188.27 2 1
github.com/ai-masters/sdp/internal/orchestrator/beads_loader.go:20.69,25.2 1 1
github.com/ai-masters/sdp/internal/orchestrator/beads_loader.go:28.83,31.16 2 1
github.com/ai-masters/sdp/internal/orchestrator/beads_loader.go:31.16,33.3 1 0
github.com/ai-masters/sdp/internal/orchestrator/beads_loader.go:35.2,35.23 1 1
github.com/ai-masters/sdp/internal/orchestrator/beads_loader.go:35.23,37.3 1 1
github.com/ai-masters/sdp/internal/orchestrator/beads_loader.go:39.2,41.32 2 1
github.com/ai-masters/sdp/internal/orchestrator/beads_loader.go:41.32,44.17 2 1
github.com/ai-masters/sdp/internal/orchestrator/beads_loader.go:44.17,46.4 1 0
github.com/ai-masters/sdp/internal/orchestrator/beads_loader.go:49.3,49.30 1 1
github.com/ai-masters/sdp/internal/orchestrator/beads_loader.go:49.30,50.12 1 1
github.com/ai-masters/sdp/internal/orchestrator/beads_loader.go:54.3,63.42 3 1
github.com/ai-masters/sdp/internal/orchestrator/beads_loader.go:66.2,66.27 1 1
github.com/ai-masters/sdp/internal/orchestrator/beads_loader.go:66.27,68.3 1 0
github.com/ai-masters/sdp/internal/orchestrator/beads_loader.go:70.2,70.25 1 1
github.com/ai-masters/sdp/internal/orchestrator/beads_loader.go:74.75,79.16 3 1
github.com/ai-masters/sdp/internal/orchestrator/beads_loader.go:79.16,81.3 1 0
github.com/ai-masters/sdp/internal/orchestrator/beads_loader.go:85.2,90.29 4 1
github.com/ai-masters/sdp/internal/orchestrator/beads_loader.go:90.29,97.52 2 1
github.com/ai-masters/sdp/internal/orchestrator/beads_loader.go:97.52,99.12 2 1
github.com/ai-masters/sdp/internal/orchestrator/beads_loader.go:103.3,103.94 1 1
github.com/ai-masters/sdp/internal/orchestrator/beads_loader.go:103.94,105.67 1 1
github.com/ai-masters/sdp/internal/orchestrator/beads_loader.go:105.67,107.5 1 1
github.com/ai-masters/sdp/internal/orchestrator/beads_loader.go:108.4,108.12 1 1
github.com/ai-masters/sdp/internal/orchestrator/beads_loader.go:112.3,112.55 1 1
github.com/ai-masters/sdp/internal/orchestrator/beads_loader.go:112.55,117.19 5 1
github.com/ai-masters/sdp/internal/orchestrator/beads_loader.go:117.19,119.5 1 1
github.com/ai-masters/sdp/internal/orchestrator/beads_loader.go:123.2,123.13 1 1
github.com/ai-masters/sdp/internal/orchestrator/beads_loader.go:132.53,133.22 1 0
github.com/ai-masters/sdp/internal/orchestrator/beads_loader.go:133.22,135.3 1 0
github.com/ai-masters/sdp/internal/orchestrator/beads_loader.go:136.2,136.45 1 0
github.com/ai-masters/sdp/internal/orchestrator/beads_loader.go:140.50,146.16 3 0
github.com/ai-masters/sdp/internal/orchestrator/beads_loader.go:146.16,148.3 1 0
github.com/ai-masters/sdp/internal/orchestrator/beads_loader.go:150.2,150.12 1 0
github.com/ai-masters/sdp/internal/orchestrator/orchestrator.go:69.17,76.2 1 1
github.com/ai-masters/sdp/internal/orchestrator/orchestrator.go:79.72,83.33 2 1
github.com/ai-masters/sdp/internal/orchestrator/orchestrator.go:83.33,88.3 1 1
github.com/ai-masters/sdp/internal/orchestrator/orchestrator.go:91.2,91.33 1 1
github.com/ai-masters/sdp/internal/orchestrator/orchestrator.go:91.33,93.41 2 1
github.com/ai-masters/sdp/internal/orchestrator/orchestrator.go:93.41,95.22 1 1
github.com/ai-masters/sdp/internal/orchestrator/orchestrator.go:95.22,98.5 1 1
github.com/ai-masters/sdp/internal/orchestrator/orchestrator.go:101.4,102.15 2 1
github.com/ai-masters/sdp/internal/orchestrator/orchestrator.go:102.15,105.5 1 1
github.com/ai-masters/sdp/internal/orchestrator/orchestrator.go:108.4,109.19 2 1
github.com/ai-masters/sdp/internal/orchestrator/orchestrator.go:114.2,114.21 1 1
github.com/ai-masters/sdp/internal/orchestrator/orchestrator.go:114.21,116.3 1 1
github.com/ai-masters/sdp/internal/orchestrator/orchestrator.go:118.2,118.19 1 1
github.com/ai-masters/sdp/internal/orchestrator/orchestrator.go:122.53,123.21 1 1
github.com/ai-masters/sdp/internal/orchestrator/orchestrator.go:123.21,125.3 1 0
github.com/ai-masters/sdp/internal/orchestrator/orchestrator.go:128.2,132.30 3 1
github.com/ai-masters/sdp/internal/orchestrator/orchestrator.go:132.30,134.25 2 1
github.com/ai-masters/sdp/internal/orchestrator/orchestrator.go:134.25,136.4 1 1
github.com/ai-masters/sdp/internal/orchestrator/orchestrator.go:139.2,141.21 2 1
github.com/ai-masters/sdp/internal/orchestrator/orchestrator.go:141.21,149.46 5 1
github.com/ai-masters/sdp/internal/orchestrator/orchestrator.go:149.46,151.45 2 1
github.com/ai-masters/sdp/internal/orchestrator/orchestrator.go:151.45,153.5 1 1
github.com/ai-masters/sdp/internal/orchestrator/orchestrator.go:158.2,158.31 1 1
github.com/ai-masters/sdp/internal/orchestrator/orchestrator.go:158.31,160.3 1 0
github.com/ai-masters/sdp/internal/orchestrator/orchestrator.go:162.2,162.20 1 1
github.com/ai-masters/sdp/internal/orchestrator/orchestrator.go:166.33,170.24 3 1
github.com/ai-masters/sdp/internal/orchestrator/orchestrator.go:170.24,171.19 1 1
github.com/ai-masters/sdp/internal/orchestrator/orchestrator.go:171.19,172.49 1 1
github.com/ai-masters/sdp/internal/orchestrator/orchestrator.go:172.49,174.5 1 1
github.com/ai-masters/sdp/internal/orchestrator/orchestrator.go:178.2,178.14 1 1
github.com/ai-masters/sdp/internal/orchestrator/orchestrator.go:182.86,187.45 4 1
github.com/ai-masters/sdp/internal/orchestrator/orchestrator.go:187.45,189.27 2 1
github.com/ai-masters/sdp/internal/orchestrator/orchestrator.go:189.27,190.57 1 1
github.com/ai-masters/sdp/internal/orchestrator/orchestrator.go:190.57,192.5 1 1
github.com/ai-masters/sdp/internal/orchestrator/orchestrator.go:193.9,193.34 1 1
github.com/ai-masters/sdp/internal/orchestrator/orchestrator.go:193.34,195.4 1 1
github.com/ai-masters/sdp/internal/orchestrator/orchestrator.go:198.2,199.14 2 1
github.com/ai-masters/sdp/internal/orchestrator/orchestrator.go:203.70,204.35 1 1
github.com/ai-masters/sdp/internal/orchestrator/orchestrator.go:204.35,206.17 2 1
github.com/ai-masters/sdp/internal/orchestrator/orchestrator.go:206.17,208.4 1 1
github.com/ai-masters/sdp/internal/orchestrator/orchestrator.go:210.2,210.12 1 1
github.com/ai-masters/sdp/internal/orchestrator/orchestrator.go:214.60,216.55 2 1
github.com/ai-masters/sdp/internal/orchestrator/orchestrator.go:216.55,218.17 2 1
github.com/ai-masters/sdp/internal/orchestrator/orchestrator.go:218.17,220.4 1 1
github.com/ai-masters/sdp/internal/orchestrator/orchestrator.go:221.3,221.16 1 1
github.com/ai-masters/sdp/internal/orchestrator/orchestrator.go:223.2,223.73 1 1
github.com/ai-masters/sdp/internal/orchestrator/orchestrator.go:227.101,228.35 1 1
github.com/ai-masters/sdp/internal/orchestrator/orchestrator.go:228.35,234.48 3 1
github.com/ai-masters/sdp/internal/orchestrator/orchestrator.go:234.48,236.4 1 0
github.com/ai-masters/sdp/internal/orchestrator/orchestrator.go:239.3,240.17 2 1
github.com/ai-masters/sdp/internal/orchestrator/orchestrator.go:240.17,245.4 3 1
github.com/ai-masters/sdp/internal/orchestrator/orchestrator.go:248.3,251.48 2 1
github.com/ai-masters/sdp/internal/orchestrator/orchestrator.go:251.48,253.4 1 0
github.com/ai-masters/sdp/internal/orchestrator/orchestrator.go:257.2,259.47 3 1
github.com/ai-masters/sdp/internal/orchestrator/orchestrator.go:259.47,261.3 1 0
github.com/ai-masters/sdp/internal/orchestrator/orchestrator.go:263.2,263.12 1 1
github.com/ai-masters/sdp/internal/orchestrator/orchestrator.go:267.118,269.45 1 1
github.com/ai-masters/sdp/internal/orchestrator/orchestrator.go:269.45,271.3 1 1
github.com/ai-masters/sdp/internal/orchestrator/orchestrator.go:274.2,275.32 2 1
github.com/ai-masters/sdp/internal/orchestrator/orchestrator.go:275.32,276.39 1 1
github.com/ai-masters/sdp/internal/orchestrator/orchestrator.go:276.39,277.36 1 1
github.com/ai-masters/sdp/internal/orchestrator/orchestrator.go:277.36,279.10 2 1
github.com/ai-masters/sdp/internal/orchestrator/orchestrator.go:285.2,285.41 1 1
github.com/ai-masters/sdp/internal/orchestrator/orchestrator.go:289.52,292.16 2 1
github.com/ai-masters/sdp/internal/orchestrator/orchestrator.go:292.16,294.3 1 0
github.com/ai-masters/sdp/internal/orchestrator/orchestrator.go:296.2,296.27 1 1
github.com/ai-masters/sdp/internal/orchestrator/orchestrator.go:296.27,298.3 1 1
github.com/ai-masters/sdp/internal/orchestrator/orchestrator.go:301.2,302.16 2 1
github.com/ai-masters/sdp/internal/orchestrator/orchestrator.go:302.16,304.3 1 0
github.com/ai-masters/sdp/internal/orchestrator/orchestrator.go:307.2,308.16 2 1
github.com/ai-masters/sdp/internal/orchestrator/orchestrator.go:308.16,310.3 1 0
github.com/ai-masters/sdp/internal/orchestrator/orchestrator.go:313.2,322.43 2 1
github.com/ai-masters/sdp/internal/orchestrator/orchestrator.go:326.58,329.16 2 1
github.com/ai-masters/sdp/internal/orchestrator/orchestrator.go:329.16,331.3 1 1
github.com/ai-masters/sdp/internal/orchestrator/orchestrator.go:334.2,334.45 1 1
github.com/ai-masters/sdp/internal/orchestrator/orchestrator.go:334.45,336.3 1 1
github.com/ai-masters/sdp/internal/orchestrator/orchestrator.go:339.2,340.16 2 1
github.com/ai-masters/sdp/internal/orchestrator/orchestrator.go:340.16,342.3 1 0
github.com/ai-masters/sdp/internal/orchestrator/orchestrator.go:345.2,346.16 2 1
github.com/ai-masters/sdp/internal/orchestrator/orchestrator.go:346.16,348.3 1 0
github.com/ai-masters/sdp/internal/orchestrator/orchestrator.go:351.2,352.16 2 1
github.com/ai-masters/sdp/internal/orchestrator/orchestrator.go:352.16,354.3 1 0
github.com/ai-masters/sdp/internal/orchestrator/orchestrator.go:357.2,358.16 2 1
github.com/ai-masters/sdp/internal/orchestrator/orchestrator.go:358.16,360.3 1 0
github.com/ai-masters/sdp/internal/orchestrator/orchestrator.go:363.2,363.48 1 1
github.com/ai-masters/sdp/internal/drift/analyzer.go:15.48,19.2 1 1
github.com/ai-masters/sdp/internal/drift/analyzer.go:22.65,25.31 2 1
github.com/ai-masters/sdp/internal/drift/analyzer.go:25.31,27.3 1 1
github.com/ai-masters/sdp/internal/drift/analyzer.go:30.2,31.16 2 1
github.com/ai-masters/sdp/internal/drift/analyzer.go:31.16,33.3 1 0
github.com/ai-masters/sdp/internal/drift/analyzer.go:35.2,40.21 3 1
github.com/ai-masters/sdp/internal/drift/analyzer.go:44.44,49.29 4 1
github.com/ai-masters/sdp/internal/drift/analyzer.go:49.29,53.39 2 1
github.com/ai-masters/sdp/internal/drift/analyzer.go:53.39,56.21 3 1
github.com/ai-masters/sdp/internal/drift/analyzer.go:56.21,58.5 1 1
github.com/ai-masters/sdp/internal/drift/analyzer.go:59.4,59.30 1 1
github.com/ai-masters/sdp/internal/drift/analyzer.go:59.30,60.10 1 1
github.com/ai-masters/sdp/internal/drift/analyzer.go:65.3,65.77 1 1
github.com/ai-masters/sdp/internal/drift/analyzer.go:65.77,66.20 1 1
github.com/ai-masters/sdp/internal/drift/analyzer.go:66.20,68.13 2 1
github.com/ai-masters/sdp/internal/drift/analyzer.go:69.10,70.10 1 1
github.com/ai-masters/sdp/internal/drift/analyzer.go:74.3,74.18 1 1
github.com/ai-masters/sdp/internal/drift/analyzer.go:74.18,76.4 1 1
github.com/ai-masters/sdp/internal/drift/analyzer.go:79.2,79.28 1 1
github.com/ai-masters/sdp/internal/drift/analyzer.go:79.28,81.3 1 0
github.com/ai-masters/sdp/internal/drift/analyzer.go:83.2,83.40 1 1
github.com/ai-masters/sdp/internal/drift/analyzer.go:87.93,89.16 2 1
github.com/ai-masters/sdp/internal/drift/analyzer.go:89.16,91.3 1 0
github.com/ai-masters/sdp/internal/drift/analyzer.go:94.2,94.29 1 1
github.com/ai-masters/sdp/internal/drift/analyzer.go:94.29,96.3 1 0
github.com/ai-masters/sdp/internal/drift/analyzer.go:99.2,102.29 2 1
github.com/ai-masters/sdp/internal/drift/analyzer.go:102.29,103.78 1 1
github.com/ai-masters/sdp/internal/drift/analyzer.go:103.78,105.4 1 1
github.com/ai-masters/sdp/internal/drift/analyzer.go:109.2,109.29 1 1
github.com/ai-masters/sdp/internal/drift/analyzer.go:113.47,125.29 4 1
github.com/ai-masters/sdp/internal/drift/analyzer.go:125.29,127.40 2 1
github.com/ai-masters/sdp/internal/drift/analyzer.go:127.40,129.4 1 1
github.com/ai-masters/sdp/internal/drift/analyzer.go:132.2,132.14 1 1
github.com/ai-masters/sdp/internal/drift/detector.go:20.48,24.2 1 1
github.com/ai-masters/sdp/internal/drift/detector.go:27.69,30.16 2 1
github.com/ai-masters/sdp/internal/drift/detector.go:30.16,32.3 1 0
github.com/ai-masters/sdp/internal/drift/detector.go:34.2,44.36 3 1
github.com/ai-masters/sdp/internal/drift/detector.go:44.36,47.32 2 1
github.com/ai-masters/sdp/internal/drift/detector.go:47.32,49.4 1 1
github.com/ai-masters/sdp/internal/drift/detector.go:52.3,52.54 1 1
github.com/ai-masters/sdp/internal/drift/detector.go:52.54,60.12 2 1
github.com/ai-masters/sdp/internal/drift/detector.go:64.3,65.25 2 1
github.com/ai-masters/sdp/internal/drift/detector.go:65.25,73.12 2 0
github.com/ai-masters/sdp/internal/drift/detector.go:77.3,82.5 1 1
github.com/ai-masters/sdp/internal/drift/detector.go:86.2,88.20 2 1
github.com/ai-masters/sdp/internal/drift/detector.go:92.48,95.16 2 1
github.com/ai-masters/sdp/internal/drift/detector.go:95.16,97.3 1 0
github.com/ai-masters/sdp/internal/drift/detector.go:99.2,103.40 3 1
github.com/ai-masters/sdp/internal/drift/detector.go:103.40,107.33 3 1
github.com/ai-masters/sdp/internal/drift/detector.go:107.33,108.22 1 1
github.com/ai-masters/sdp/internal/drift/detector.go:108.22,110.5 1 1
github.com/ai-masters/sdp/internal/drift/detector.go:114.3,116.33 3 1
github.com/ai-masters/sdp/internal/drift/detector.go:116.33,117.22 1 1
github.com/ai-masters/sdp/internal/drift/detector.go:117.22,119.5 1 1
github.com/ai-masters/sdp/internal/drift/detector.go:124.2,124.40 1 1
github.com/ai-masters/sdp/internal/drift/detector.go:124.40,128.33 3 1
github.com/ai-masters/sdp/internal/drift/detector.go:128.33,129.22 1 1
github.com/ai-masters/sdp/internal/drift/detector.go:129.22,131.5 1 1
github.com/ai-masters/sdp/internal/drift/detector.go:135.3,137.33 3 1
github.com/ai-masters/sdp/internal/drift/detector.go:137.33,138.22 1 1
github.com/ai-masters/sdp/internal/drift/detector.go:138.22,140.5 1 1
github.com/ai-masters/sdp/internal/drift/detector.go:144.2,144.17 1 1
github.com/ai-masters/sdp/internal/drift/report.go:39.39,46.33 5 1
github.com/ai-masters/sdp/internal/drift/report.go:46.33,48.36 2 1
github.com/ai-masters/sdp/internal/drift/report.go:48.36,50.4 1 0
github.com/ai-masters/sdp/internal/drift/report.go:50.9,50.41 1 1
github.com/ai-masters/sdp/internal/drift/report.go:50.41,52.4 1 1
github.com/ai-masters/sdp/internal/drift/report.go:54.3,55.25 2 1
github.com/ai-masters/sdp/internal/drift/report.go:55.25,57.4 1 1
github.com/ai-masters/sdp/internal/drift/report.go:59.3,60.47 1 1
github.com/ai-masters/sdp/internal/drift/report.go:64.2,66.33 3 1
github.com/ai-masters/sdp/internal/drift/report.go:66.33,67.34 1 1
github.com/ai-masters/sdp/internal/drift/report.go:67.34,69.4 1 1
github.com/ai-masters/sdp/internal/drift/report.go:69.9,69.43 1 1
github.com/ai-masters/sdp/internal/drift/report.go:69.43,71.4 1 0
github.com/ai-masters/sdp/internal/drift/report.go:75.2,76.28 2 1
github.com/ai-masters/sdp/internal/drift/report.go:76.28,78.3 1 0
github.com/ai-masters/sdp/internal/drift/report.go:78.8,78.32 1 1
github.com/ai-masters/sdp/internal/drift/report.go:78.32,80.3 1 1
github.com/ai-masters/sdp/internal/drift/report.go:82.2,83.40 2 1
github.com/ai-masters/sdp/internal/drift/report.go:83.40,85.3 1 1
github.com/ai-masters/sdp/internal/drift/report.go:86.2,89.23 2 1
github.com/ai-masters/sdp/internal/drift/report.go:89.23,91.34 2 1
github.com/ai-masters/sdp/internal/drift/report.go:91.34,92.34 1 1
github.com/ai-masters/sdp/internal/drift/report.go:92.34,94.5 1 1
github.com/ai-masters/sdp/internal/drift/report.go:98.2,98.20 1 1
github.com/ai-masters/sdp/internal/drift/report.go:102.48,106.33 3 1
github.com/ai-masters/sdp/internal/drift/report.go:106.33,107.34 1 1
github.com/ai-masters/sdp/internal/drift/report.go:107.34,109.4 1 1
github.com/ai-masters/sdp/internal/drift/report.go:109.9,109.43 1 1
github.com/ai-masters/sdp/internal/drift/report.go:109.43,111.4 1 1
github.com/ai-masters/sdp/internal/drift/report.go:114.2,114.20 1 1
github.com/ai-masters/sdp/internal/drift/report.go:114.20,116.3 1 1
github.com/ai-masters/sdp/internal/drift/report.go:116.8,116.29 1 1
github.com/ai-masters/sdp/internal/drift/report.go:116.29,118.3 1 1
github.com/ai-masters/sdp/internal/drift/report.go:119.2,119.15 1 1
github.com/ai-masters/sdp/internal/drift/report.go:123.50,126.2 2 1
github.com/ai-masters/sdp/internal/parser/schema.go:38.40,39.17 1 1
github.com/ai-masters/sdp/internal/parser/schema.go:39.17,41.3 1 1
github.com/ai-masters/sdp/internal/parser/schema.go:43.2,43.35 1 1
github.com/ai-masters/sdp/internal/parser/schema.go:43.35,45.3 1 1
github.com/ai-masters/sdp/internal/parser/schema.go:47.2,47.12 1 1
github.com/ai-masters/sdp/internal/parser/validator.go:11.61,13.16 2 1
github.com/ai-masters/sdp/internal/parser/validator.go:13.16,15.3 1 0
github.com/ai-masters/sdp/internal/parser/validator.go:17.2,20.38 2 1
github.com/ai-masters/sdp/internal/parser/validator.go:20.38,26.3 1 1
github.com/ai-masters/sdp/internal/parser/validator.go:29.2,29.22 1 1
github.com/ai-masters/sdp/internal/parser/validator.go:29.22,35.3 1 0
github.com/ai-masters/sdp/internal/parser/validator.go:37.2,37.21 1 1
github.com/ai-masters/sdp/internal/parser/validator.go:37.21,43.3 1 0
github.com/ai-masters/sdp/internal/parser/validator.go:46.2,46.19 1 1
github.com/ai-masters/sdp/internal/parser/validator.go:46.19,52.3 1 1
github.com/ai-masters/sdp/internal/parser/validator.go:55.2,55.29 1 1
github.com/ai-masters/sdp/internal/parser/validator.go:55.29,61.3 1 1
github.com/ai-masters/sdp/internal/parser/validator.go:64.2,64.47 1 1
github.com/ai-masters/sdp/internal/parser/validator.go:64.47,65.58 1 0
github.com/ai-masters/sdp/internal/parser/validator.go:65.58,71.4 1 0
github.com/ai-masters/sdp/internal/parser/validator.go:74.2,74.38 1 1
github.com/ai-masters/sdp/internal/parser/validator.go:74.38,75.58 1 0
github.com/ai-masters/sdp/internal/parser/validator.go:75.58,81.4 1 0
github.com/ai-masters/sdp/internal/parser/validator.go:84.2,84.20 1 1
github.com/ai-masters/sdp/internal/parser/validator.go:88.35,94.79 2 0
github.com/ai-masters/sdp/internal/parser/validator.go:94.79,96.3 1 0
github.com/ai-masters/sdp/internal/parser/validator.go:98.2,99.19 2 0
github.com/ai-masters/sdp/internal/parser/validator.go:103.44,106.2 1 0
github.com/ai-masters/sdp/internal/parser/workstream.go:14.58,17.16 2 1
github.com/ai-masters/sdp/internal/parser/workstream.go:17.16,19.3 1 0
github.com/ai-masters/sdp/internal/parser/workstream.go:22.2,22.23 1 1
github.com/ai-masters/sdp/internal/parser/workstream.go:22.23,24.3 1 1
github.com/ai-masters/sdp/internal/parser/workstream.go:27.2,28.20 2 1
github.com/ai-masters/sdp/internal/parser/workstream.go:28.20,30.3 1 1
github.com/ai-masters/sdp/internal/parser/workstream.go:33.2,34.54 2 1
github.com/ai-masters/sdp/internal/parser/workstream.go:34.54,36.3 1 1
github.com/ai-masters/sdp/internal/parser/workstream.go:39.2,39.19 1 1
github.com/ai-masters/sdp/internal/parser/workstream.go:39.19,41.3 1 1
github.com/ai-masters/sdp/internal/parser/workstream.go:42.2,42.22 1 1
github.com/ai-masters/sdp/internal/parser/workstream.go:42.22,44.3 1 0
github.com/ai-masters/sdp/internal/parser/workstream.go:47.2,70.16 6 1
github.com/ai-masters/sdp/internal/parser/workstream.go:74.57,80.25 3 1
github.com/ai-masters/sdp/internal/parser/workstream.go:80.25,82.3 1 1
github.com/ai-masters/sdp/internal/parser/workstream.go:85.2,89.24 3 1
github.com/ai-masters/sdp/internal/parser/workstream.go:89.24,93.53 2 1
github.com/ai-masters/sdp/internal/parser/workstream.go:93.53,95.4 1 1
github.com/ai-masters/sdp/internal/parser/workstream.go:96.3,96.36 1 1
github.com/ai-masters/sdp/internal/parser/workstream.go:100.2,104.52 3 1
github.com/ai-masters/sdp/internal/parser/workstream.go:104.52,106.3 1 1
github.com/ai-masters/sdp/internal/parser/workstream.go:108.2,108.35 1 1
github.com/ai-masters/sdp/internal/parser/workstream.go:112.61,114.19 2 1
github.com/ai-masters/sdp/internal/parser/workstream.go:114.19,116.3 1 1
github.com/ai-masters/sdp/internal/parser/workstream.go:119.2,123.29 4 1
github.com/ai-masters/sdp/internal/parser/workstream.go:123.29,125.23 2 1
github.com/ai-masters/sdp/internal/parser/workstream.go:125.23,127.4 1 1
github.com/ai-masters/sdp/internal/parser/workstream.go:130.2,130.14 1 1
github.com/ai-masters/sdp/internal/parser/workstream.go:134.46,136.19 2 1
github.com/ai-masters/sdp/internal/parser/workstream.go:136.19,138.3 1 1
github.com/ai-masters/sdp/internal/parser/workstream.go:140.2,146.29 5 1
github.com/ai-masters/sdp/internal/parser/workstream.go:146.29,148.17 2 1
github.com/ai-masters/sdp/internal/parser/workstream.go:148.17,149.12 1 0
github.com/ai-masters/sdp/internal/parser/workstream.go:153.3,153.99 1 1
github.com/ai-masters/sdp/internal/parser/workstream.go:153.99,155.12 2 0
github.com/ai-masters/sdp/internal/parser/workstream.go:157.3,157.81 1 1
github.com/ai-masters/sdp/internal/parser/workstream.go:157.81,159.12 2 0
github.com/ai-masters/sdp/internal/parser/workstream.go:163.3,163.35 1 1
github.com/ai-masters/sdp/internal/parser/workstream.go:163.35,170.86 5 1
github.com/ai-masters/sdp/internal/parser/workstream.go:170.86,172.5 1 0
github.com/ai-masters/sdp/internal/parser/workstream.go:173.4,175.42 2 1
github.com/ai-masters/sdp/internal/parser/workstream.go:175.42,177.5 1 0
github.com/ai-masters/sdp/internal/parser/workstream.go:177.10,177.40 1 1
github.com/ai-masters/sdp/internal/parser/workstream.go:177.40,179.5 1 0
github.com/ai-masters/sdp/internal/parser/workstream.go:183.2,186.3 1 1
github.com/ai-masters/sdp/internal/quality/checker.go:77.55,84.16 3 1
github.com/ai-masters/sdp/internal/quality/checker.go:84.16,86.3 1 0
github.com/ai-masters/sdp/internal/quality/checker.go:87.2,89.15 2 1
github.com/ai-masters/sdp/internal/quality/checker.go:92.53,94.83 1 1
github.com/ai-masters/sdp/internal/quality/checker.go:94.83,96.3 1 1
github.com/ai-masters/sdp/internal/quality/checker.go:97.2,97.77 1 1
github.com/ai-masters/sdp/internal/quality/checker.go:97.77,99.3 1 0
github.com/ai-masters/sdp/internal/quality/checker.go:100.2,100.85 1 1
github.com/ai-masters/sdp/internal/quality/checker.go:100.85,102.3 1 0
github.com/ai-masters/sdp/internal/quality/checker.go:105.2,105.75 1 1
github.com/ai-masters/sdp/internal/quality/checker.go:105.75,107.3 1 1
github.com/ai-masters/sdp/internal/quality/checker.go:110.2,110.76 1 1
github.com/ai-masters/sdp/internal/quality/checker.go:110.76,112.3 1 1
github.com/ai-masters/sdp/internal/quality/checker.go:115.2,120.29 5 1
github.com/ai-masters/sdp/internal/quality/checker.go:120.29,121.19 1 1
github.com/ai-masters/sdp/internal/quality/checker.go:121.19,122.12 1 0
github.com/ai-masters/sdp/internal/quality/checker.go:124.3,125.37 2 1
github.com/ai-masters/sdp/internal/quality/checker.go:125.37,127.4 1 1
github.com/ai-masters/sdp/internal/quality/checker.go:127.9,127.44 1 1
github.com/ai-masters/sdp/internal/quality/checker.go:127.44,129.4 1 1
github.com/ai-masters/sdp/internal/quality/checker.go:129.9,129.46 1 1
github.com/ai-masters/sdp/internal/quality/checker.go:129.46,131.4 1 1
github.com/ai-masters/sdp/internal/quality/checker.go:135.2,135.75 1 1
github.com/ai-masters/sdp/internal/quality/checker.go:135.75,137.3 1 1
github.com/ai-masters/sdp/internal/quality/checker.go:137.8,137.74 1 1
github.com/ai-masters/sdp/internal/quality/checker.go:137.74,139.3 1 1
github.com/ai-masters/sdp/internal/quality/checker.go:139.8,139.26 1 1
github.com/ai-masters/sdp/internal/quality/checker.go:139.26,141.3 1 1
github.com/ai-masters/sdp/internal/quality/checker.go:144.2,144.20 1 1
github.com/ai-masters/sdp/internal/quality/complexity.go:7.64,12.23 2 1
github.com/ai-masters/sdp/internal/quality/complexity.go:13.14,14.41 1 1
github.com/ai-masters/sdp/internal/quality/complexity.go:15.10,16.37 1 1
github.com/ai-masters/sdp/internal/quality/complexity.go:17.12,18.39 1 0
github.com/ai-masters/sdp/internal/quality/complexity.go:19.10,20.75 1 0
github.com/ai-masters/sdp/internal/quality/complexity_go.go:11.90,17.16 4 1
github.com/ai-masters/sdp/internal/quality/complexity_go.go:17.16,20.3 1 1
github.com/ai-masters/sdp/internal/quality/complexity_go.go:23.2,31.29 7 0
github.com/ai-masters/sdp/internal/quality/complexity_go.go:31.29,33.17 2 0
github.com/ai-masters/sdp/internal/quality/complexity_go.go:33.17,34.12 1 0
github.com/ai-masters/sdp/internal/quality/complexity_go.go:37.3,38.22 2 0
github.com/ai-masters/sdp/internal/quality/complexity_go.go:38.22,40.18 2 0
github.com/ai-masters/sdp/internal/quality/complexity_go.go:40.18,43.19 3 0
github.com/ai-masters/sdp/internal/quality/complexity_go.go:43.19,45.6 1 0
github.com/ai-masters/sdp/internal/quality/complexity_go.go:47.5,47.30 1 0
github.com/ai-masters/sdp/internal/quality/complexity_go.go:47.30,55.6 2 0
github.com/ai-masters/sdp/internal/quality/complexity_go.go:60.2,60.19 1 0
github.com/ai-masters/sdp/internal/quality/complexity_go.go:60.19,62.3 1 0
github.com/ai-masters/sdp/internal/quality/complexity_go.go:63.2,67.20 4 0
github.com/ai-masters/sdp/internal/quality/complexity_go.go:70.90,72.91 1 1
github.com/ai-masters/sdp/internal/quality/complexity_go.go:72.91,73.33 1 1
github.com/ai-masters/sdp/internal/quality/complexity_go.go:73.33,75.4 1 1
github.com/ai-masters/sdp/internal/quality/complexity_go.go:77.3,77.38 1 1
github.com/ai-masters/sdp/internal/quality/complexity_go.go:77.38,79.4 1 0
github.com/ai-masters/sdp/internal/quality/complexity_go.go:82.3,82.80 1 1
github.com/ai-masters/sdp/internal/quality/complexity_go.go:82.80,84.4 1 0
github.com/ai-masters/sdp/internal/quality/complexity_go.go:86.3,87.17 2 1
github.com/ai-masters/sdp/internal/quality/complexity_go.go:87.17,89.4 1 0
github.com/ai-masters/sdp/internal/quality/complexity_go.go:91.3,95.37 4 1
github.com/ai-masters/sdp/internal/quality/complexity_go.go:95.37,102.4 1 1
github.com/ai-masters/sdp/internal/quality/complexity_go.go:104.3,104.33 1 1
github.com/ai-masters/sdp/internal/quality/complexity_go.go:104.33,106.4 1 1
github.com/ai-masters/sdp/internal/quality/complexity_go.go:108.3,108.13 1 1
github.com/ai-masters/sdp/internal/quality/complexity_go.go:111.2,111.16 1 1
github.com/ai-masters/sdp/internal/quality/complexity_go.go:111.16,113.3 1 0
github.com/ai-masters/sdp/internal/quality/complexity_go.go:115.2,116.20 2 1
github.com/ai-masters/sdp/internal/quality/complexity_java.go:7.92,19.2 7 1
github.com/ai-masters/sdp/internal/quality/complexity_python.go:11.94,17.16 4 1
github.com/ai-masters/sdp/internal/quality/complexity_python.go:17.16,20.3 1 1
github.com/ai-masters/sdp/internal/quality/complexity_python.go:23.2,31.29 7 0
github.com/ai-masters/sdp/internal/quality/complexity_python.go:31.29,32.65 1 0
github.com/ai-masters/sdp/internal/quality/complexity_python.go:32.65,35.23 2 0
github.com/ai-masters/sdp/internal/quality/complexity_python.go:35.23,37.40 2 0
github.com/ai-masters/sdp/internal/quality/complexity_python.go:37.40,40.20 3 0
github.com/ai-masters/sdp/internal/quality/complexity_python.go:40.20,43.21 3 0
github.com/ai-masters/sdp/internal/quality/complexity_python.go:43.21,45.8 1 0
github.com/ai-masters/sdp/internal/quality/complexity_python.go:47.7,47.32 1 0
github.com/ai-masters/sdp/internal/quality/complexity_python.go:47.32,56.8 2 0
github.com/ai-masters/sdp/internal/quality/complexity_python.go:63.2,63.19 1 0
github.com/ai-masters/sdp/internal/quality/complexity_python.go:63.19,65.3 1 0
github.com/ai-masters/sdp/internal/quality/complexity_python.go:66.2,70.20 4 0
github.com/ai-masters/sdp/internal/quality/complexity_python.go:73.94,75.91 1 1
github.com/ai-masters/sdp/internal/quality/complexity_python.go:75.91,76.33 1 1
github.com/ai-masters/sdp/internal/quality/complexity_python.go:76.33,78.4 1 1
github.com/ai-masters/sdp/internal/quality/complexity_python.go:80.3,80.38 1 1
github.com/ai-masters/sdp/internal/quality/complexity_python.go:80.38,82.4 1 1
github.com/ai-masters/sdp/internal/quality/complexity_python.go:85.3,85.106 1 1
github.com/ai-masters/sdp/internal/quality/complexity_python.go:85.106,87.4 1 0
github.com/ai-masters/sdp/internal/quality/complexity_python.go:89.3,90.17 2 1
github.com/ai-masters/sdp/internal/quality/complexity_python.go:90.17,92.4 1 0
github.com/ai-masters/sdp/internal/quality/complexity_python.go:94.3,99.37 4 1
github.com/ai-masters/sdp/internal/quality/complexity_python.go:99.37,106.4 1 1
github.com/ai-masters/sdp/internal/quality/complexity_python.go:108.3,108.33 1 1
github.com/ai-masters/sdp/internal/quality/complexity_python.go:108.33,110.4 1 1
github.com/ai-masters/sdp/internal/quality/complexity_python.go:112.3,112.13 1 1
github.com/ai-masters/sdp/internal/quality/complexity_python.go:115.2,115.16 1 1
github.com/ai-masters/sdp/internal/quality/complexity_python.go:115.16,117.3 1 0
github.com/ai-masters/sdp/internal/quality/complexity_python.go:119.2,120.20 2 1
github.com/ai-masters/sdp/internal/quality/coverage.go:13.60,18.23 2 1
github.com/ai-masters/sdp/internal/quality/coverage.go:19.14,20.39 1 1
github.com/ai-masters/sdp/internal/quality/coverage.go:21.10,22.35 1 1
github.com/ai-masters/sdp/internal/quality/coverage.go:23.12,24.37 1 1
github.com/ai-masters/sdp/internal/quality/coverage.go:25.10,26.75 1 1
github.com/ai-masters/sdp/internal/quality/coverage.go:30.88,35.52 3 1
github.com/ai-masters/sdp/internal/quality/coverage.go:35.52,43.39 5 1
github.com/ai-masters/sdp/internal/quality/coverage.go:43.39,45.31 2 0
github.com/ai-masters/sdp/internal/quality/coverage.go:45.31,46.71 1 0
github.com/ai-masters/sdp/internal/quality/coverage.go:46.71,48.35 2 0
github.com/ai-masters/sdp/internal/quality/coverage.go:48.35,49.40 1 0
github.com/ai-masters/sdp/internal/quality/coverage.go:49.40,52.22 3 0
github.com/ai-masters/sdp/internal/quality/coverage.go:52.22,56.9 3 0
github.com/ai-masters/sdp/internal/quality/coverage.go:65.2,65.44 1 1
github.com/ai-masters/sdp/internal/quality/coverage.go:65.44,68.53 2 1
github.com/ai-masters/sdp/internal/quality/coverage.go:68.53,71.52 2 1
github.com/ai-masters/sdp/internal/quality/coverage.go:71.52,74.32 2 1
github.com/ai-masters/sdp/internal/quality/coverage.go:74.32,75.51 1 1
github.com/ai-masters/sdp/internal/quality/coverage.go:75.51,77.26 2 1
github.com/ai-masters/sdp/internal/quality/coverage.go:77.26,80.22 3 1
github.com/ai-masters/sdp/internal/quality/coverage.go:80.22,84.9 3 1
github.com/ai-masters/sdp/internal/quality/coverage.go:93.2,97.20 4 1
github.com/ai-masters/sdp/internal/quality/coverage.go:100.84,108.16 5 1
github.com/ai-masters/sdp/internal/quality/coverage.go:108.16,114.3 4 1
github.com/ai-masters/sdp/internal/quality/coverage.go:117.2,122.29 5 1
github.com/ai-masters/sdp/internal/quality/coverage.go:122.29,123.42 1 1
github.com/ai-masters/sdp/internal/quality/coverage.go:123.42,125.33 2 1
github.com/ai-masters/sdp/internal/quality/coverage.go:125.33,126.47 1 1
github.com/ai-masters/sdp/internal/quality/coverage.go:126.47,128.64 2 1
github.com/ai-masters/sdp/internal/quality/coverage.go:128.64,131.7 2 1
github.com/ai-masters/sdp/internal/quality/coverage.go:137.2,137.15 1 1
github.com/ai-masters/sdp/internal/quality/coverage.go:137.15,139.3 1 1
github.com/ai-masters/sdp/internal/quality/coverage.go:139.8,141.3 1 0
github.com/ai-masters/sdp/internal/quality/coverage.go:143.2,144.20 2 1
github.com/ai-masters/sdp/internal/quality/coverage.go:147.86,157.50 6 1
github.com/ai-masters/sdp/internal/quality/coverage.go:157.50,165.21 5 0
github.com/ai-masters/sdp/internal/quality/coverage.go:165.22,167.4 0 0
github.com/ai-masters/sdp/internal/quality/coverage.go:169.3,169.22 1 0
github.com/ai-masters/sdp/internal/quality/coverage.go:169.22,172.24 3 0
github.com/ai-masters/sdp/internal/quality/coverage.go:172.24,174.61 1 0
github.com/ai-masters/sdp/internal/quality/coverage.go:174.61,175.63 1 0
github.com/ai-masters/sdp/internal/quality/coverage.go:175.63,178.7 2 0
github.com/ai-masters/sdp/internal/quality/coverage.go:183.3,183.21 1 0
github.com/ai-masters/sdp/internal/quality/coverage.go:183.21,185.4 1 0
github.com/ai-masters/sdp/internal/quality/coverage.go:185.9,187.4 1 0
github.com/ai-masters/sdp/internal/quality/coverage.go:188.8,191.3 2 1
github.com/ai-masters/sdp/internal/quality/coverage.go:193.2,194.20 2 1
github.com/ai-masters/sdp/internal/quality/size.go:10.60,20.91 5 1
github.com/ai-masters/sdp/internal/quality/size.go:20.91,21.33 1 1
github.com/ai-masters/sdp/internal/quality/size.go:21.33,23.4 1 1
github.com/ai-masters/sdp/internal/quality/size.go:26.3,32.38 1 1
github.com/ai-masters/sdp/internal/quality/size.go:32.38,34.4 1 1
github.com/ai-masters/sdp/internal/quality/size.go:37.3,38.24 2 1
github.com/ai-masters/sdp/internal/quality/size.go:39.15,40.48 1 1
github.com/ai-masters/sdp/internal/quality/size.go:41.11,42.48 1 1
github.com/ai-masters/sdp/internal/quality/size.go:43.13,44.50 1 0
github.com/ai-masters/sdp/internal/quality/size.go:47.3,47.19 1 1
github.com/ai-masters/sdp/internal/quality/size.go:47.19,49.4 1 1
github.com/ai-masters/sdp/internal/quality/size.go:52.3,53.53 1 1
github.com/ai-masters/sdp/internal/quality/size.go:53.53,55.4 1 1
github.com/ai-masters/sdp/internal/quality/size.go:57.3,58.17 2 1
github.com/ai-masters/sdp/internal/quality/size.go:58.17,60.4 1 0
github.com/ai-masters/sdp/internal/quality/size.go:62.3,69.29 6 1
github.com/ai-masters/sdp/internal/quality/size.go:69.29,76.4 2 1
github.com/ai-masters/sdp/internal/quality/size.go:78.3,78.13 1 1
github.com/ai-masters/sdp/internal/quality/size.go:81.2,81.16 1 1
github.com/ai-masters/sdp/internal/quality/size.go:81.16,83.3 1 0
github.com/ai-masters/sdp/internal/quality/size.go:85.2,85.20 1 1
github.com/ai-masters/sdp/internal/quality/size.go:85.20,87.3 1 1
github.com/ai-masters/sdp/internal/quality/size.go:89.2,92.20 3 1
github.com/ai-masters/sdp/internal/quality/types.go:11.53,14.23 2 1
github.com/ai-masters/sdp/internal/quality/types.go:15.14,16.36 1 1
github.com/ai-masters/sdp/internal/quality/types.go:17.10,18.32 1 1
github.com/ai-masters/sdp/internal/quality/types.go:19.12,20.34 1 1
github.com/ai-masters/sdp/internal/quality/types.go:21.10,22.75 1 0
github.com/ai-masters/sdp/internal/quality/types.go:26.77,34.16 5 1
github.com/ai-masters/sdp/internal/quality/types.go:34.16,39.30 3 1
github.com/ai-masters/sdp/internal/quality/types.go:39.30,41.57 2 1
github.com/ai-masters/sdp/internal/quality/types.go:41.57,42.13 1 1
github.com/ai-masters/sdp/internal/quality/types.go:46.4,47.23 2 0
github.com/ai-masters/sdp/internal/quality/types.go:47.23,52.34 4 0
github.com/ai-masters/sdp/internal/quality/types.go:52.34,59.6 2 0
github.com/ai-masters/sdp/internal/quality/types.go:63.3,63.42 1 1
github.com/ai-masters/sdp/internal/quality/types.go:64.8,67.3 1 0
github.com/ai-masters/sdp/internal/quality/types.go:70.2,70.47 1 1
github.com/ai-masters/sdp/internal/quality/types.go:70.47,77.3 2 0
github.com/ai-masters/sdp/internal/quality/types.go:79.2,79.20 1 1
github.com/ai-masters/sdp/internal/quality/types.go:82.73,90.16 5 1
github.com/ai-masters/sdp/internal/quality/types.go:90.16,95.30 3 1
github.com/ai-masters/sdp/internal/quality/types.go:95.30,97.18 2 1
github.com/ai-masters/sdp/internal/quality/types.go:97.18,98.13 1 1
github.com/ai-masters/sdp/internal/quality/types.go:102.4,103.23 2 1
github.com/ai-masters/sdp/internal/quality/types.go:103.23,108.34 4 1
github.com/ai-masters/sdp/internal/quality/types.go:108.34,115.6 2 0
github.com/ai-masters/sdp/internal/quality/types.go:116.10,116.30 1 1
github.com/ai-masters/sdp/internal/quality/types.go:116.30,121.19 3 1
github.com/ai-masters/sdp/internal/quality/types.go:121.19,128.6 2 1
github.com/ai-masters/sdp/internal/quality/types.go:132.3,132.42 1 1
github.com/ai-masters/sdp/internal/quality/types.go:133.8,135.3 1 1
github.com/ai-masters/sdp/internal/quality/types.go:137.2,137.20 1 1
github.com/ai-masters/sdp/internal/quality/types.go:140.75,148.16 5 1
github.com/ai-masters/sdp/internal/quality/types.go:148.16,152.30 3 1
github.com/ai-masters/sdp/internal/quality/types.go:152.30,154.41 2 1
github.com/ai-masters/sdp/internal/quality/types.go:154.41,156.42 1 1
github.com/ai-masters/sdp/internal/quality/types.go:156.42,158.25 2 0
github.com/ai-masters/sdp/internal/quality/types.go:158.25,163.30 4 0
github.com/ai-masters/sdp/internal/quality/types.go:163.30,167.23 3 0
github.com/ai-masters/sdp/internal/quality/types.go:167.23,173.9 1 0
github.com/ai-masters/sdp/internal/quality/types.go:180.3,180.42 1 1
github.com/ai-masters/sdp/internal/quality/types.go:181.8,183.3 1 0
github.com/ai-masters/sdp/internal/quality/types.go:185.2,185.20 1 1
github.com/ai-masters/sdp/internal/ui/colors.go:26.24,29.2 2 1
github.com/ai-masters/sdp/internal/ui/colors.go:32.43,33.30 1 1
github.com/ai-masters/sdp/internal/ui/colors.go:33.30,35.3 1 1
github.com/ai-masters/sdp/internal/ui/colors.go:36.2,36.33 1 0
github.com/ai-masters/sdp/internal/ui/colors.go:40.34,42.2 1 1
github.com/ai-masters/sdp/internal/ui/colors.go:45.32,47.2 1 1
github.com/ai-masters/sdp/internal/ui/colors.go:50.34,52.2 1 1
github.com/ai-masters/sdp/internal/ui/colors.go:55.31,57.2 1 1
github.com/ai-masters/sdp/internal/ui/colors.go:60.30,62.2 1 1
github.com/ai-masters/sdp/internal/ui/colors.go:65.35,66.30 1 1
github.com/ai-masters/sdp/internal/ui/colors.go:66.30,68.3 1 1
github.com/ai-masters/sdp/internal/ui/colors.go:69.2,69.28 1 0
github.com/ai-masters/sdp/internal/ui/colors.go:73.25,74.30 1 1
github.com/ai-masters/sdp/internal/ui/colors.go:74.30,76.3 1 1
github.com/ai-masters/sdp/internal/ui/colors.go:77.2,77.23 1 0
github.com/ai-masters/sdp/internal/ui/colors.go:81.21,82.30 1 1
github.com/ai-masters/sdp/internal/ui/colors.go:82.30,84.3 1 1
github.com/ai-masters/sdp/internal/ui/colors.go:85.2,85.21 1 0
github.com/ai-masters/sdp/internal/ui/colors.go:89.29,90.30 1 1
github.com/ai-masters/sdp/internal/ui/colors.go:90.30,92.3 1 1
github.com/ai-masters/sdp/internal/ui/colors.go:93.2,93.23 1 0
github.com/ai-masters/sdp/internal/ui/colors.go:97.26,98.30 1 1
github.com/ai-masters/sdp/internal/ui/colors.go:98.30,100.3 1 1
github.com/ai-masters/sdp/internal/ui/colors.go:101.2,101.20 1 0
github.com/ai-masters/sdp/internal/ui/colors.go:105.54,107.2 1 1
github.com/ai-masters/sdp/internal/ui/colors.go:110.52,112.2 1 1
github.com/ai-masters/sdp/internal/ui/colors.go:115.54,117.2 1 1
github.com/ai-masters/sdp/internal/ui/colors.go:120.51,122.2 1 1
github.com/ai-masters/sdp/internal/ui/colors.go:125.26,129.2 3 1
github.com/ai-masters/sdp/internal/ui/colors.go:132.29,136.2 3 1
github.com/ai-masters/sdp/internal/ui/completion.go:19.53,23.15 3 1
github.com/ai-masters/sdp/internal/ui/completion.go:24.12,25.41 1 1
github.com/ai-masters/sdp/internal/ui/completion.go:26.11,27.40 1 1
github.com/ai-masters/sdp/internal/ui/completion.go:28.12,29.41 1 1
github.com/ai-masters/sdp/internal/ui/completion.go:30.10,31.81 1 1
github.com/ai-masters/sdp/internal/ui/completion.go:34.2,34.16 1 1
github.com/ai-masters/sdp/internal/ui/completion.go:34.16,36.3 1 0
github.com/ai-masters/sdp/internal/ui/completion.go:38.2,39.12 2 1
github.com/ai-masters/sdp/internal/ui/completion.go:43.47,101.2 1 1
github.com/ai-masters/sdp/internal/ui/completion.go:104.46,201.2 1 1
github.com/ai-masters/sdp/internal/ui/completion.go:204.47,263.2 1 1
github.com/ai-masters/sdp/internal/ui/completion.go:266.52,272.19 5 0
github.com/ai-masters/sdp/internal/ui/completion.go:272.19,274.3 1 0
github.com/ai-masters/sdp/internal/ui/completion.go:276.2,276.15 1 0
github.com/ai-masters/sdp/internal/ui/completion.go:277.12,279.39 2 0
github.com/ai-masters/sdp/internal/ui/completion.go:280.11,283.59 2 0
github.com/ai-masters/sdp/internal/ui/completion.go:283.59,285.4 1 0
github.com/ai-masters/sdp/internal/ui/completion.go:286.3,287.38 2 0
github.com/ai-masters/sdp/internal/ui/completion.go:288.12,291.39 3 0
github.com/ai-masters/sdp/internal/ui/completion.go:292.10,293.52 1 0
github.com/ai-masters/sdp/internal/ui/completion.go:297.2,298.47 2 0
github.com/ai-masters/sdp/internal/ui/completion.go:298.47,300.3 1 0
github.com/ai-masters/sdp/internal/ui/completion.go:303.2,303.71 1 0
github.com/ai-masters/sdp/internal/ui/completion.go:303.71,305.3 1 0
github.com/ai-masters/sdp/internal/ui/completion.go:307.2,310.15 3 0
github.com/ai-masters/sdp/internal/ui/completion.go:311.12,312.52 1 0
github.com/ai-masters/sdp/internal/ui/completion.go:313.11,314.53 1 0
github.com/ai-masters/sdp/internal/ui/completion.go:315.12,316.60 1 0
github.com/ai-masters/sdp/internal/ui/completion.go:319.2,319.12 1 0
github.com/ai-masters/sdp/internal/ui/progress.go:21.47,28.2 1 1
github.com/ai-masters/sdp/internal/ui/progress.go:31.43,33.2 1 1
github.com/ai-masters/sdp/internal/ui/progress.go:36.46,38.2 1 1
github.com/ai-masters/sdp/internal/ui/progress.go:41.36,44.2 2 1
github.com/ai-masters/sdp/internal/ui/progress.go:47.36,50.2 2 1
github.com/ai-masters/sdp/internal/ui/progress.go:53.32,56.71 2 1
github.com/ai-masters/sdp/internal/ui/progress.go:56.71,58.3 1 1
github.com/ai-masters/sdp/internal/ui/progress.go:59.2,62.19 3 1
github.com/ai-masters/sdp/internal/ui/progress.go:62.19,64.3 1 1
github.com/ai-masters/sdp/internal/ui/progress.go:67.2,81.30 7 1
github.com/ai-masters/sdp/internal/ui/progress.go:81.30,83.3 1 0
github.com/ai-masters/sdp/internal/ui/progress.go:83.8,85.3 1 1
github.com/ai-masters/sdp/internal/ui/progress.go:87.2,90.26 2 1
github.com/ai-masters/sdp/internal/ui/progress.go:90.26,92.3 1 1
github.com/ai-masters/sdp/internal/ui/progress.go:96.34,99.2 2 1
github.com/ai-masters/sdp/internal/ui/progress.go:102.34,104.14 2 1
github.com/ai-masters/sdp/internal/ui/progress.go:104.14,106.3 1 1
github.com/ai-masters/sdp/internal/ui/progress.go:107.2,108.42 2 1
github.com/ai-masters/sdp/internal/ui/progress.go:108.42,111.3 2 1
github.com/ai-masters/sdp/internal/ui/progress.go:112.2,112.73 1 1
github.com/ai-masters/sdp/internal/ui/progress.go:126.42,132.2 1 1
github.com/ai-masters/sdp/internal/ui/progress.go:135.46,137.2 1 1
github.com/ai-masters/sdp/internal/ui/progress.go:140.42,142.2 1 1
github.com/ai-masters/sdp/internal/ui/progress.go:145.27,148.2 2 1
github.com/ai-masters/sdp/internal/ui/progress.go:151.26,154.2 2 1
github.com/ai-masters/sdp/internal/ui/progress.go:157.35,160.2 2 1
github.com/ai-masters/sdp/internal/ui/progress.go:163.28,164.15 1 1
github.com/ai-masters/sdp/internal/ui/progress.go:164.15,166.3 1 0
github.com/ai-masters/sdp/internal/ui/progress.go:169.2,170.48 2 1
github.com/ai-masters/sdp/internal/ui/progress.go:170.48,172.3 1 1
github.com/ai-masters/sdp/internal/ui/progress.go:173.2,179.28 5 1
github.com/ai-masters/sdp/internal/telemetry/analyzer.go:16.54,17.20 1 1
github.com/ai-masters/sdp/internal/telemetry/analyzer.go:17.20,19.3 1 0
github.com/ai-masters/sdp/internal/telemetry/analyzer.go:21.2,23.8 1 1
github.com/ai-masters/sdp/internal/telemetry/analyzer.go:55.71,57.16 2 1
github.com/ai-masters/sdp/internal/telemetry/analyzer.go:57.16,59.3 1 0
github.com/ai-masters/sdp/internal/telemetry/analyzer.go:62.2,64.31 2 1
github.com/ai-masters/sdp/internal/telemetry/analyzer.go:64.31,65.45 1 1
github.com/ai-masters/sdp/internal/telemetry/analyzer.go:65.45,66.12 1 1
github.com/ai-masters/sdp/internal/telemetry/analyzer.go:69.3,70.10 2 1
github.com/ai-masters/sdp/internal/telemetry/analyzer.go:70.10,71.12 1 0
github.com/ai-masters/sdp/internal/telemetry/analyzer.go:74.3,75.10 2 1
github.com/ai-masters/sdp/internal/telemetry/analyzer.go:75.10,76.12 1 0
github.com/ai-masters/sdp/internal/telemetry/analyzer.go:79.3,80.14 2 1
github.com/ai-masters/sdp/internal/telemetry/analyzer.go:80.14,82.4 1 1
github.com/ai-masters/sdp/internal/telemetry/analyzer.go:83.3,84.34 2 1
github.com/ai-masters/sdp/internal/telemetry/analyzer.go:88.2,89.45 2 1
github.com/ai-masters/sdp/internal/telemetry/analyzer.go:89.45,91.16 2 1
github.com/ai-masters/sdp/internal/telemetry/analyzer.go:91.16,93.4 1 1
github.com/ai-masters/sdp/internal/telemetry/analyzer.go:96.2,96.19 1 1
github.com/ai-masters/sdp/internal/telemetry/analyzer.go:100.71,102.16 2 1
github.com/ai-masters/sdp/internal/telemetry/analyzer.go:102.16,104.3 1 0
github.com/ai-masters/sdp/internal/telemetry/analyzer.go:107.2,109.31 2 1
github.com/ai-masters/sdp/internal/telemetry/analyzer.go:109.31,110.45 1 1
github.com/ai-masters/sdp/internal/telemetry/analyzer.go:110.45,111.12 1 1
github.com/ai-masters/sdp/internal/telemetry/analyzer.go:114.3,115.10 2 1
github.com/ai-masters/sdp/internal/telemetry/analyzer.go:115.10,116.12 1 0
github.com/ai-masters/sdp/internal/telemetry/analyzer.go:119.3,120.10 2 1
github.com/ai-masters/sdp/internal/telemetry/analyzer.go:120.10,121.12 1 0
github.com/ai-masters/sdp/internal/telemetry/analyzer.go:124.3,129.36 5 1
github.com/ai-masters/sdp/internal/telemetry/analyzer.go:133.2,134.47 2 1
github.com/ai-masters/sdp/internal/telemetry/analyzer.go:134.47,136.16 2 1
github.com/ai-masters/sdp/internal/telemetry/analyzer.go:136.16,138.4 1 1
github.com/ai-masters/sdp/internal/telemetry/analyzer.go:141.2,141.22 1 1
github.com/ai-masters/sdp/internal/telemetry/analyzer.go:145.71,147.16 2 1
github.com/ai-masters/sdp/internal/telemetry/analyzer.go:147.16,149.3 1 0
github.com/ai-masters/sdp/internal/telemetry/analyzer.go:152.2,154.31 2 1
github.com/ai-masters/sdp/internal/telemetry/analyzer.go:154.31,155.45 1 1
github.com/ai-masters/sdp/internal/telemetry/analyzer.go:155.45,156.12 1 0
github.com/ai-masters/sdp/internal/telemetry/analyzer.go:159.3,160.20 2 1
github.com/ai-masters/sdp/internal/telemetry/analyzer.go:160.20,161.12 1 0
github.com/ai-masters/sdp/internal/telemetry/analyzer.go:164.3,165.28 2 1
github.com/ai-masters/sdp/internal/telemetry/analyzer.go:165.28,167.4 1 0
github.com/ai-masters/sdp/internal/telemetry/analyzer.go:169.3,169.26 1 1
github.com/ai-masters/sdp/internal/telemetry/analyzer.go:173.2,174.38 2 1
github.com/ai-masters/sdp/internal/telemetry/analyzer.go:174.38,179.3 1 1
github.com/ai-masters/sdp/internal/telemetry/analyzer.go:182.2,182.35 1 1
github.com/ai-masters/sdp/internal/telemetry/analyzer.go:182.35,183.40 1 1
github.com/ai-masters/sdp/internal/telemetry/analyzer.go:183.40,184.41 1 1
github.com/ai-masters/sdp/internal/telemetry/analyzer.go:184.41,186.5 1 1
github.com/ai-masters/sdp/internal/telemetry/analyzer.go:191.2,191.21 1 1
github.com/ai-masters/sdp/internal/telemetry/analyzer.go:191.21,193.3 1 1
github.com/ai-masters/sdp/internal/telemetry/analyzer.go:194.2,194.24 1 1
github.com/ai-masters/sdp/internal/telemetry/analyzer.go:198.83,200.16 2 1
github.com/ai-masters/sdp/internal/telemetry/analyzer.go:200.16,202.3 1 0
github.com/ai-masters/sdp/internal/telemetry/analyzer.go:205.2,206.40 2 1
github.com/ai-masters/sdp/internal/telemetry/analyzer.go:206.40,208.32 2 1
github.com/ai-masters/sdp/internal/telemetry/analyzer.go:208.32,210.62 1 1
github.com/ai-masters/sdp/internal/telemetry/analyzer.go:210.62,211.13 1 1
github.com/ai-masters/sdp/internal/telemetry/analyzer.go:214.4,214.57 1 1
github.com/ai-masters/sdp/internal/telemetry/analyzer.go:214.57,215.13 1 0
github.com/ai-masters/sdp/internal/telemetry/analyzer.go:217.4,217.50 1 1
github.com/ai-masters/sdp/internal/telemetry/analyzer.go:222.2,228.40 2 1
github.com/ai-masters/sdp/internal/telemetry/analyzer.go:228.40,233.3 1 1
github.com/ai-masters/sdp/internal/telemetry/analyzer.go:236.2,237.39 2 1
github.com/ai-masters/sdp/internal/telemetry/analyzer.go:237.39,238.45 1 1
github.com/ai-masters/sdp/internal/telemetry/analyzer.go:238.45,239.12 1 1
github.com/ai-masters/sdp/internal/telemetry/analyzer.go:242.3,243.10 2 1
github.com/ai-masters/sdp/internal/telemetry/analyzer.go:243.10,244.12 1 0
github.com/ai-masters/sdp/internal/telemetry/analyzer.go:247.3,247.34 1 1
github.com/ai-masters/sdp/internal/telemetry/analyzer.go:247.34,249.4 1 1
github.com/ai-masters/sdp/internal/telemetry/analyzer.go:251.3,252.9 2 1
github.com/ai-masters/sdp/internal/telemetry/analyzer.go:252.9,254.15 2 1
github.com/ai-masters/sdp/internal/telemetry/analyzer.go:254.15,256.5 1 1
github.com/ai-masters/sdp/internal/telemetry/analyzer.go:259.3,260.9 2 1
github.com/ai-masters/sdp/internal/telemetry/analyzer.go:260.9,263.4 2 1
github.com/ai-masters/sdp/internal/telemetry/analyzer.go:267.2,267.41 1 1
github.com/ai-masters/sdp/internal/telemetry/analyzer.go:267.41,269.25 2 1
github.com/ai-masters/sdp/internal/telemetry/analyzer.go:269.25,271.4 1 1
github.com/ai-masters/sdp/internal/telemetry/analyzer.go:273.3,274.29 2 1
github.com/ai-masters/sdp/internal/telemetry/analyzer.go:274.29,276.4 1 1
github.com/ai-masters/sdp/internal/telemetry/analyzer.go:278.3,283.4 1 1
github.com/ai-masters/sdp/internal/telemetry/analyzer.go:287.2,288.39 2 1
github.com/ai-masters/sdp/internal/telemetry/analyzer.go:288.39,289.45 1 1
github.com/ai-masters/sdp/internal/telemetry/analyzer.go:289.45,290.12 1 1
github.com/ai-masters/sdp/internal/telemetry/analyzer.go:293.3,294.20 2 1
github.com/ai-masters/sdp/internal/telemetry/analyzer.go:294.20,295.12 1 1
github.com/ai-masters/sdp/internal/telemetry/analyzer.go:298.3,299.28 2 1
github.com/ai-masters/sdp/internal/telemetry/analyzer.go:299.28,301.4 1 0
github.com/ai-masters/sdp/internal/telemetry/analyzer.go:303.3,303.26 1 1
github.com/ai-masters/sdp/internal/telemetry/analyzer.go:307.2,308.38 2 1
github.com/ai-masters/sdp/internal/telemetry/analyzer.go:308.38,313.3 1 1
github.com/ai-masters/sdp/internal/telemetry/analyzer.go:315.2,315.44 1 1
github.com/ai-masters/sdp/internal/telemetry/analyzer.go:315.44,316.40 1 1
github.com/ai-masters/sdp/internal/telemetry/analyzer.go:316.40,317.41 1 0
github.com/ai-masters/sdp/internal/telemetry/analyzer.go:317.41,319.5 1 0
github.com/ai-masters/sdp/internal/telemetry/analyzer.go:323.2,324.21 2 1
github.com/ai-masters/sdp/internal/telemetry/analyzer.go:324.21,326.3 1 0
github.com/ai-masters/sdp/internal/telemetry/analyzer.go:328.2,328.20 1 1
github.com/ai-masters/sdp/internal/telemetry/analyzer.go:340.50,342.55 1 1
github.com/ai-masters/sdp/internal/telemetry/analyzer.go:342.55,344.3 1 0
github.com/ai-masters/sdp/internal/telemetry/analyzer.go:347.2,348.16 2 1
github.com/ai-masters/sdp/internal/telemetry/analyzer.go:348.16,350.3 1 0
github.com/ai-masters/sdp/internal/telemetry/analyzer.go:353.2,353.20 1 1
github.com/ai-masters/sdp/internal/telemetry/analyzer.go:353.20,355.3 1 1
github.com/ai-masters/sdp/internal/telemetry/analyzer.go:358.2,359.54 2 1
github.com/ai-masters/sdp/internal/telemetry/analyzer.go:359.54,362.30 2 0
github.com/ai-masters/sdp/internal/telemetry/analyzer.go:362.30,363.22 1 0
github.com/ai-masters/sdp/internal/telemetry/analyzer.go:363.22,364.13 1 0
github.com/ai-masters/sdp/internal/telemetry/analyzer.go:367.4,368.55 2 0
github.com/ai-masters/sdp/internal/telemetry/analyzer.go:368.55,370.5 1 0
github.com/ai-masters/sdp/internal/telemetry/analyzer.go:372.4,372.34 1 0
github.com/ai-masters/sdp/internal/telemetry/analyzer.go:376.2,376.20 1 1
github.com/ai-masters/sdp/internal/telemetry/collector.go:20.70,21.20 1 1
github.com/ai-masters/sdp/internal/telemetry/collector.go:21.20,23.3 1 1
github.com/ai-masters/sdp/internal/telemetry/collector.go:26.2,27.47 2 1
github.com/ai-masters/sdp/internal/telemetry/collector.go:27.47,29.3 1 0
github.com/ai-masters/sdp/internal/telemetry/collector.go:31.2,35.8 1 1
github.com/ai-masters/sdp/internal/telemetry/collector.go:39.47,44.16 3 1
github.com/ai-masters/sdp/internal/telemetry/collector.go:44.16,46.3 1 1
github.com/ai-masters/sdp/internal/telemetry/collector.go:49.2,49.27 1 1
github.com/ai-masters/sdp/internal/telemetry/collector.go:49.27,51.3 1 1
github.com/ai-masters/sdp/internal/telemetry/collector.go:54.2,55.16 2 1
github.com/ai-masters/sdp/internal/telemetry/collector.go:55.16,57.3 1 0
github.com/ai-masters/sdp/internal/telemetry/collector.go:60.2,61.16 2 1
github.com/ai-masters/sdp/internal/telemetry/collector.go:61.16,63.3 1 0
github.com/ai-masters/sdp/internal/telemetry/collector.go:64.2,66.58 2 1
github.com/ai-masters/sdp/internal/telemetry/collector.go:66.58,68.3 1 0
github.com/ai-masters/sdp/internal/telemetry/collector.go:70.2,71.12 2 1
github.com/ai-masters/sdp/internal/telemetry/collector.go:75.37,81.36 4 1
github.com/ai-masters/sdp/internal/telemetry/collector.go:81.36,82.48 1 1
github.com/ai-masters/sdp/internal/telemetry/collector.go:82.48,84.4 1 1
github.com/ai-masters/sdp/internal/telemetry/collector.go:87.2,91.3 1 1
github.com/ai-masters/sdp/internal/telemetry/collector.go:95.31,99.2 3 1
github.com/ai-masters/sdp/internal/telemetry/collector.go:102.30,106.2 3 1
github.com/ai-masters/sdp/internal/telemetry/collector.go:109.51,111.55 1 1
github.com/ai-masters/sdp/internal/telemetry/collector.go:111.55,113.3 1 1
github.com/ai-masters/sdp/internal/telemetry/collector.go:116.2,117.16 2 1
github.com/ai-masters/sdp/internal/telemetry/collector.go:117.16,119.3 1 0
github.com/ai-masters/sdp/internal/telemetry/collector.go:122.2,124.29 3 1
github.com/ai-masters/sdp/internal/telemetry/collector.go:124.29,125.21 1 1
github.com/ai-masters/sdp/internal/telemetry/collector.go:125.21,126.12 1 0
github.com/ai-masters/sdp/internal/telemetry/collector.go:129.3,130.54 2 1
github.com/ai-masters/sdp/internal/telemetry/collector.go:130.54,132.4 1 0
github.com/ai-masters/sdp/internal/telemetry/collector.go:134.3,134.33 1 1
github.com/ai-masters/sdp/internal/telemetry/collector.go:137.2,137.20 1 1
github.com/ai-masters/sdp/internal/telemetry/collector.go:141.39,143.2 1 1
github.com/ai-masters/sdp/internal/telemetry/collector.go:146.61,150.33 3 1
github.com/ai-masters/sdp/internal/telemetry/collector.go:150.33,151.27 1 1
github.com/ai-masters/sdp/internal/telemetry/collector.go:151.27,154.4 2 1
github.com/ai-masters/sdp/internal/telemetry/collector.go:158.2,158.23 1 1
github.com/ai-masters/sdp/internal/telemetry/collector.go:158.23,160.3 1 0
github.com/ai-masters/sdp/internal/telemetry/collector.go:162.2,162.14 1 1
github.com/ai-masters/sdp/internal/telemetry/export.go:11.57,17.16 4 1
github.com/ai-masters/sdp/internal/telemetry/export.go:17.16,19.3 1 0
github.com/ai-masters/sdp/internal/telemetry/export.go:22.2,23.16 2 1
github.com/ai-masters/sdp/internal/telemetry/export.go:23.16,25.3 1 0
github.com/ai-masters/sdp/internal/telemetry/export.go:28.2,28.61 1 1
github.com/ai-masters/sdp/internal/telemetry/export.go:28.61,30.3 1 0
github.com/ai-masters/sdp/internal/telemetry/export.go:32.2,32.12 1 1
github.com/ai-masters/sdp/internal/telemetry/export.go:36.56,42.16 4 1
github.com/ai-masters/sdp/internal/telemetry/export.go:42.16,44.3 1 0
github.com/ai-masters/sdp/internal/telemetry/export.go:47.2,48.16 2 1
github.com/ai-masters/sdp/internal/telemetry/export.go:48.16,50.3 1 0
github.com/ai-masters/sdp/internal/telemetry/export.go:51.2,58.45 5 1
github.com/ai-masters/sdp/internal/telemetry/export.go:58.45,60.3 1 0
github.com/ai-masters/sdp/internal/telemetry/export.go:63.2,63.31 1 1
github.com/ai-masters/sdp/internal/telemetry/export.go:63.31,66.17 2 1
github.com/ai-masters/sdp/internal/telemetry/export.go:66.17,68.4 1 0
github.com/ai-masters/sdp/internal/telemetry/export.go:70.3,76.43 2 1
github.com/ai-masters/sdp/internal/telemetry/export.go:76.43,78.4 1 0
github.com/ai-masters/sdp/internal/telemetry/export.go:81.2,81.12 1 1
github.com/ai-masters/sdp/internal/telemetry/tracker.go:35.28,36.24 1 1
github.com/ai-masters/sdp/internal/telemetry/tracker.go:36.24,38.17 2 1
github.com/ai-masters/sdp/internal/telemetry/tracker.go:38.17,42.4 2 0
github.com/ai-masters/sdp/internal/telemetry/tracker.go:44.3,49.55 4 1
github.com/ai-masters/sdp/internal/telemetry/tracker.go:49.55,51.56 2 0
github.com/ai-masters/sdp/internal/telemetry/tracker.go:51.56,52.59 1 0
github.com/ai-masters/sdp/internal/telemetry/tracker.go:52.59,54.6 1 0
github.com/ai-masters/sdp/internal/telemetry/tracker.go:58.3,59.17 2 1
github.com/ai-masters/sdp/internal/telemetry/tracker.go:59.17,63.4 2 0
github.com/ai-masters/sdp/internal/telemetry/tracker.go:65.3,65.49 1 1
github.com/ai-masters/sdp/internal/telemetry/tracker.go:68.2,68.22 1 1
github.com/ai-masters/sdp/internal/telemetry/tracker.go:72.74,76.24 3 1
github.com/ai-masters/sdp/internal/telemetry/tracker.go:76.24,78.3 1 1
github.com/ai-masters/sdp/internal/telemetry/tracker.go:80.2,98.43 4 1
github.com/ai-masters/sdp/internal/telemetry/tracker.go:102.75,106.51 3 1
github.com/ai-masters/sdp/internal/telemetry/tracker.go:106.51,108.3 1 1
github.com/ai-masters/sdp/internal/telemetry/tracker.go:110.2,133.12 8 1
github.com/ai-masters/sdp/internal/telemetry/tracker.go:137.59,138.24 1 1
github.com/ai-masters/sdp/internal/telemetry/tracker.go:138.24,140.3 1 1
github.com/ai-masters/sdp/internal/telemetry/tracker.go:142.2,150.34 2 1
github.com/ai-masters/sdp/internal/telemetry/tracker.go:154.100,155.24 1 1
github.com/ai-masters/sdp/internal/telemetry/tracker.go:155.24,157.3 1 1
github.com/ai-masters/sdp/internal/telemetry/tracker.go:159.2,169.34 2 1
github.com/ai-masters/sdp/internal/telemetry/tracker.go:173.93,174.24 1 1
github.com/ai-masters/sdp/internal/telemetry/tracker.go:174.24,176.3 1 1
github.com/ai-masters/sdp/internal/telemetry/tracker.go:178.2,188.34 2 1
github.com/ai-masters/sdp/internal/telemetry/tracker.go:192.36,193.24 1 1
github.com/ai-masters/sdp/internal/telemetry/tracker.go:193.24,195.3 1 1
github.com/ai-masters/sdp/internal/telemetry/tracker.go:197.2,198.23 2 1
github.com/ai-masters/sdp/internal/telemetry/tracker.go:202.29,203.24 1 1
github.com/ai-masters/sdp/internal/telemetry/tracker.go:203.24,205.3 1 1
github.com/ai-masters/sdp/internal/telemetry/tracker.go:209.28,210.24 1 1
github.com/ai-masters/sdp/internal/telemetry/tracker.go:210.24,212.3 1 1
github.com/ai-masters/sdp/internal/telemetry/tracker.go:216.39,217.24 1 1
github.com/ai-masters/sdp/internal/telemetry/tracker.go:217.24,219.3 1 0
github.com/ai-masters/sdp/internal/telemetry/tracker.go:221.2,222.16 2 1
github.com/ai-masters/sdp/internal/telemetry/tracker.go:228.61,230.2 1 1
github.com/ai-masters/sdp/internal/telemetry/tracker.go:233.62,235.2 1 1
github.com/ai-masters/sdp/internal/telemetry/tracker.go:238.46,240.2 1 1
github.com/ai-masters/sdp/internal/telemetry/tracker.go:243.87,245.2 1 1
github.com/ai-masters/sdp/internal/telemetry/tracker.go:248.80,250.2 1 1
github.com/ai-masters/sdp/internal/telemetry/tracker.go:253.32,255.2 1 1
github.com/ai-masters/sdp/internal/telemetry/tracker.go:258.35,260.2 1 1
github.com/ai-masters/sdp/internal/telemetry/tracker.go:263.25,265.2 1 1
github.com/ai-masters/sdp/internal/telemetry/tracker.go:268.24,270.2 1 1
github.com/ai-masters/sdp/internal/telemetry/types.go:19.36,20.12 1 1
github.com/ai-masters/sdp/internal/telemetry/types.go:22.69,23.14 1 1
github.com/ai-masters/sdp/internal/telemetry/types.go:24.10,25.15 1 1
github.com/ai-masters/sdp/internal/watcher/quality_watcher.go:44.97,45.19 1 1
github.com/ai-masters/sdp/internal/watcher/quality_watcher.go:45.19,47.3 1 1
github.com/ai-masters/sdp/internal/watcher/quality_watcher.go:50.2,51.16 2 1
github.com/ai-masters/sdp/internal/watcher/quality_watcher.go:51.16,53.3 1 0
github.com/ai-masters/sdp/internal/watcher/quality_watcher.go:56.2,57.31 2 1
github.com/ai-masters/sdp/internal/watcher/quality_watcher.go:57.31,60.3 1 1
github.com/ai-masters/sdp/internal/watcher/quality_watcher.go:62.2,63.31 2 1
github.com/ai-masters/sdp/internal/watcher/quality_watcher.go:63.31,66.3 1 1
github.com/ai-masters/sdp/internal/watcher/quality_watcher.go:68.2,80.28 2 1
github.com/ai-masters/sdp/internal/watcher/quality_watcher.go:80.28,81.17 1 0
github.com/ai-masters/sdp/internal/watcher/quality_watcher.go:81.17,83.5 1 0
github.com/ai-masters/sdp/internal/watcher/quality_watcher.go:86.2,86.16 1 1
github.com/ai-masters/sdp/internal/watcher/quality_watcher.go:86.16,88.3 1 0
github.com/ai-masters/sdp/internal/watcher/quality_watcher.go:90.2,91.16 2 1
github.com/ai-masters/sdp/internal/watcher/quality_watcher.go:95.41,96.15 1 1
github.com/ai-masters/sdp/internal/watcher/quality_watcher.go:96.15,99.3 2 0
github.com/ai-masters/sdp/internal/watcher/quality_watcher.go:101.2,101.27 1 1
github.com/ai-masters/sdp/internal/watcher/quality_watcher.go:105.34,107.2 1 1
github.com/ai-masters/sdp/internal/watcher/quality_watcher.go:110.35,112.2 1 1
github.com/ai-masters/sdp/internal/watcher/quality_watcher.go:115.55,122.2 5 1
github.com/ai-masters/sdp/internal/watcher/quality_watcher.go:124.53,130.2 2 1
github.com/ai-masters/sdp/internal/watcher/quality_watcher.go:132.50,134.16 2 1
github.com/ai-masters/sdp/internal/watcher/quality_watcher.go:134.16,136.3 1 1
github.com/ai-masters/sdp/internal/watcher/quality_watcher.go:138.2,138.15 1 1
github.com/ai-masters/sdp/internal/watcher/quality_watcher.go:138.15,140.3 1 0
github.com/ai-masters/sdp/internal/watcher/quality_watcher.go:143.2,144.16 2 1
github.com/ai-masters/sdp/internal/watcher/quality_watcher.go:144.16,145.49 1 1
github.com/ai-masters/sdp/internal/watcher/quality_watcher.go:145.49,146.57 1 1
github.com/ai-masters/sdp/internal/watcher/quality_watcher.go:146.57,154.18 3 1
github.com/ai-masters/sdp/internal/watcher/quality_watcher.go:154.18,156.6 1 0
github.com/ai-masters/sdp/internal/watcher/quality_watcher.go:162.2,163.16 2 1
github.com/ai-masters/sdp/internal/watcher/quality_watcher.go:163.16,164.61 1 1
github.com/ai-masters/sdp/internal/watcher/quality_watcher.go:164.61,165.63 1 1
github.com/ai-masters/sdp/internal/watcher/quality_watcher.go:165.63,173.18 3 1
github.com/ai-masters/sdp/internal/watcher/quality_watcher.go:173.18,175.6 1 0
github.com/ai-masters/sdp/internal/watcher/quality_watcher.go:181.2,182.16 2 1
github.com/ai-masters/sdp/internal/watcher/quality_watcher.go:182.16,183.45 1 1
github.com/ai-masters/sdp/internal/watcher/quality_watcher.go:183.45,184.55 1 0
github.com/ai-masters/sdp/internal/watcher/quality_watcher.go:184.55,192.18 3 0
github.com/ai-masters/sdp/internal/watcher/quality_watcher.go:192.18,194.6 1 0
github.com/ai-masters/sdp/internal/watcher/quality_watcher.go:198.3,198.48 1 1
github.com/ai-masters/sdp/internal/watcher/quality_watcher.go:198.48,199.57 1 0
github.com/ai-masters/sdp/internal/watcher/quality_watcher.go:199.57,207.18 3 0
github.com/ai-masters/sdp/internal/watcher/quality_watcher.go:207.18,209.6 1 0
github.com/ai-masters/sdp/internal/watcher/quality_watcher.go:214.2,214.15 1 1
github.com/ai-masters/sdp/internal/watcher/quality_watcher.go:214.15,216.3 1 0
github.com/ai-masters/sdp/internal/watcher/quality_watcher.go:219.61,224.2 3 1
github.com/ai-masters/sdp/internal/watcher/quality_watcher.go:226.56,232.34 4 1
github.com/ai-masters/sdp/internal/watcher/quality_watcher.go:232.34,233.21 1 1
github.com/ai-masters/sdp/internal/watcher/quality_watcher.go:233.21,235.4 1 1
github.com/ai-masters/sdp/internal/watcher/quality_watcher.go:237.2,237.26 1 1
github.com/ai-masters/sdp/internal/watcher/quality_watcher.go:240.63,242.35 2 1
github.com/ai-masters/sdp/internal/watcher/quality_watcher.go:242.35,245.3 2 1
github.com/ai-masters/sdp/internal/watcher/quality_watcher.go:245.8,248.3 2 1
github.com/ai-masters/sdp/internal/watcher/quality_watcher.go:250.2,252.65 3 1
github.com/ai-masters/sdp/internal/watcher/watcher.go:44.76,45.19 1 1
github.com/ai-masters/sdp/internal/watcher/watcher.go:45.19,47.3 1 1
github.com/ai-masters/sdp/internal/watcher/watcher.go:50.2,50.34 1 1
github.com/ai-masters/sdp/internal/watcher/watcher.go:50.34,52.3 1 1
github.com/ai-masters/sdp/internal/watcher/watcher.go:54.2,55.16 2 1
github.com/ai-masters/sdp/internal/watcher/watcher.go:55.16,57.3 1 0
github.com/ai-masters/sdp/internal/watcher/watcher.go:59.2,67.15 2 1
github.com/ai-masters/sdp/internal/watcher/watcher.go:71.33,74.16 2 1
github.com/ai-masters/sdp/internal/watcher/watcher.go:74.16,76.3 1 0
github.com/ai-masters/sdp/internal/watcher/watcher.go:79.2,79.6 1 1
github.com/ai-masters/sdp/internal/watcher/watcher.go:79.6,80.10 1 1
github.com/ai-masters/sdp/internal/watcher/watcher.go:81.17,83.14 2 1
github.com/ai-masters/sdp/internal/watcher/watcher.go:85.42,86.11 1 1
github.com/ai-masters/sdp/internal/watcher/watcher.go:86.11,88.5 1 0
github.com/ai-masters/sdp/internal/watcher/watcher.go:89.4,89.24 1 1
github.com/ai-masters/sdp/internal/watcher/watcher.go:91.40,92.11 1 0
github.com/ai-masters/sdp/internal/watcher/watcher.go:92.11,94.5 1 0
github.com/ai-masters/sdp/internal/watcher/watcher.go:95.4,95.31 1 0
github.com/ai-masters/sdp/internal/watcher/watcher.go:95.31,97.5 1 0
github.com/ai-masters/sdp/internal/watcher/watcher.go:103.26,107.2 3 1
github.com/ai-masters/sdp/internal/watcher/watcher.go:110.27,112.2 1 1
github.com/ai-masters/sdp/internal/watcher/watcher.go:114.47,117.16 2 1
github.com/ai-masters/sdp/internal/watcher/watcher.go:117.16,119.3 1 1
github.com/ai-masters/sdp/internal/watcher/watcher.go:122.2,122.18 1 1
github.com/ai-masters/sdp/internal/watcher/watcher.go:122.18,124.3 1 1
github.com/ai-masters/sdp/internal/watcher/watcher.go:127.2,127.44 1 0
github.com/ai-masters/sdp/internal/watcher/watcher.go:130.53,132.67 1 1
github.com/ai-masters/sdp/internal/watcher/watcher.go:132.67,134.3 1 1
github.com/ai-masters/sdp/internal/watcher/watcher.go:137.2,138.32 2 1
github.com/ai-masters/sdp/internal/watcher/watcher.go:138.32,140.36 1 1
github.com/ai-masters/sdp/internal/watcher/watcher.go:140.36,142.4 1 1
github.com/ai-masters/sdp/internal/watcher/watcher.go:143.3,143.9 1 1
github.com/ai-masters/sdp/internal/watcher/watcher.go:147.2,147.36 1 1
github.com/ai-masters/sdp/internal/watcher/watcher.go:147.36,149.3 1 1
github.com/ai-masters/sdp/internal/watcher/watcher.go:152.2,152.24 1 1
github.com/ai-masters/sdp/internal/watcher/watcher.go:155.53,159.51 2 1
github.com/ai-masters/sdp/internal/watcher/watcher.go:159.51,161.28 2 1
github.com/ai-masters/sdp/internal/watcher/watcher.go:161.28,163.4 1 1
github.com/ai-masters/sdp/internal/watcher/watcher.go:167.2,167.40 1 1
github.com/ai-masters/sdp/internal/watcher/watcher.go:167.40,169.3 1 1
github.com/ai-masters/sdp/internal/watcher/watcher.go:172.2,172.51 1 1
github.com/ai-masters/sdp/internal/watcher/watcher.go:172.51,174.28 2 1
github.com/ai-masters/sdp/internal/watcher/watcher.go:174.28,176.4 1 1
github.com/ai-masters/sdp/internal/watcher/watcher.go:179.2,179.14 1 1
github.com/ai-masters/sdp/internal/watcher/watcher.go:182.41,187.42 3 1
[...]
github.com/ai-masters/sdp/cmd/sdp/drift.go:92.67,94.4 1 0
github.com/ai-masters/sdp/cmd/sdp/drift.go:98.2,98.63 1 0
github.com/ai-masters/sdp/cmd/sdp/drift.go:98.63,100.3 1 0
github.com/ai-masters/sdp/cmd/sdp/drift.go:103.2,103.65 1 0
github.com/ai-masters/sdp/cmd/sdp/drift.go:103.65,105.3 1 0
github.com/ai-masters/sdp/cmd/sdp/drift.go:108.2,109.6 2 0
github.com/ai-masters/sdp/cmd/sdp/drift.go:109.6,110.68 1 0
github.com/ai-masters/sdp/cmd/sdp/drift.go:110.68,112.4 1 0
github.com/ai-masters/sdp/cmd/sdp/drift.go:113.3,113.70 1 0
github.com/ai-masters/sdp/cmd/sdp/drift.go:113.70,115.4 1 0
github.com/ai-masters/sdp/cmd/sdp/drift.go:117.3,118.24 2 0
github.com/ai-masters/sdp/cmd/sdp/drift.go:118.24,121.4 1 0
github.com/ai-masters/sdp/cmd/sdp/drift.go:122.3,122.19 1 0
github.com/ai-masters/sdp/cmd/sdp/drift.go:127.72,130.43 2 0
github.com/ai-masters/sdp/cmd/sdp/drift.go:130.43,132.3 1 0
github.com/ai-masters/sdp/cmd/sdp/drift.go:135.2,136.43 2 0
github.com/ai-masters/sdp/cmd/sdp/drift.go:136.43,138.3 1 0
github.com/ai-masters/sdp/cmd/sdp/drift.go:141.2,142.43 2 0
github.com/ai-masters/sdp/cmd/sdp/drift.go:142.43,144.3 1 0
github.com/ai-masters/sdp/cmd/sdp/drift.go:146.2,146.65 1 0
github.com/ai-masters/sdp/cmd/sdp/drift.go:150.54,152.38 2 0
github.com/ai-masters/sdp/cmd/sdp/drift.go:152.38,153.30 1 0
github.com/ai-masters/sdp/cmd/sdp/drift.go:153.30,155.4 1 0
github.com/ai-masters/sdp/cmd/sdp/drift.go:157.2,157.14 1 0
github.com/ai-masters/sdp/cmd/sdp/drift.go:161.56,163.38 2 0
github.com/ai-masters/sdp/cmd/sdp/drift.go:163.38,164.32 1 0
github.com/ai-masters/sdp/cmd/sdp/drift.go:164.32,166.4 1 0
github.com/ai-masters/sdp/cmd/sdp/drift.go:168.2,168.14 1 0
github.com/ai-masters/sdp/cmd/sdp/hooks.go:8.32,24.55 2 0
github.com/ai-masters/sdp/cmd/sdp/hooks.go:24.55,26.4 1 0
github.com/ai-masters/sdp/cmd/sdp/hooks.go:29.2,32.55 1 0
github.com/ai-masters/sdp/cmd/sdp/hooks.go:32.55,34.4 1 0
github.com/ai-masters/sdp/cmd/sdp/hooks.go:37.2,40.12 3 0
github.com/ai-masters/sdp/cmd/sdp/init.go:10.31,25.55 3 0
github.com/ai-masters/sdp/cmd/sdp/init.go:25.55,27.25 1 0
github.com/ai-masters/sdp/cmd/sdp/init.go:27.25,29.5 1 0
github.com/ai-masters/sdp/cmd/sdp/init.go:31.4,36.27 2 0
github.com/ai-masters/sdp/cmd/sdp/init.go:40.2,43.12 3 0
github.com/ai-masters/sdp/cmd/sdp/init.go:46.33,48.53 1 0
github.com/ai-masters/sdp/cmd/sdp/init.go:48.53,50.3 1 0
github.com/ai-masters/sdp/cmd/sdp/init.go:51.2,51.46 1 0
github.com/ai-masters/sdp/cmd/sdp/init.go:51.46,53.3 1 0
github.com/ai-masters/sdp/cmd/sdp/init.go:54.2,54.51 1 0
github.com/ai-masters/sdp/cmd/sdp/init.go:54.51,56.3 1 0
github.com/ai-masters/sdp/cmd/sdp/init.go:57.2,57.45 1 0
github.com/ai-masters/sdp/cmd/sdp/init.go:57.45,59.3 1 0
github.com/ai-masters/sdp/cmd/sdp/init.go:60.2,60.19 1 0
github.com/ai-masters/sdp/cmd/sdp/main.go:14.13,47.68 2 0
github.com/ai-masters/sdp/cmd/sdp/main.go:47.68,52.62 2 0
github.com/ai-masters/sdp/cmd/sdp/main.go:52.62,54.5 1 0
github.com/ai-masters/sdp/cmd/sdp/main.go:55.4,55.14 1 0
github.com/ai-masters/sdp/cmd/sdp/main.go:57.69,59.62 1 0
github.com/ai-masters/sdp/cmd/sdp/main.go:59.62,61.5 1 0
github.com/ai-masters/sdp/cmd/sdp/main.go:62.4,62.14 1 0
github.com/ai-masters/sdp/cmd/sdp/main.go:67.2,83.42 15 0
github.com/ai-masters/sdp/cmd/sdp/main.go:83.42,88.3 3 0
github.com/ai-masters/sdp/cmd/sdp/orchestrate.go:26.54,31.17 3 0
github.com/ai-masters/sdp/cmd/sdp/orchestrate.go:31.17,33.4 1 0
github.com/ai-masters/sdp/cmd/sdp/orchestrate.go:35.3,35.16 1 0
github.com/ai-masters/sdp/cmd/sdp/orchestrate.go:35.16,37.18 2 0
github.com/ai-masters/sdp/cmd/sdp/orchestrate.go:37.18,39.5 1 0
github.com/ai-masters/sdp/cmd/sdp/orchestrate.go:43.3,44.17 2 0
github.com/ai-masters/sdp/cmd/sdp/orchestrate.go:44.17,46.4 1 0
github.com/ai-masters/sdp/cmd/sdp/orchestrate.go:48.3,48.18 1 0
github.com/ai-masters/sdp/cmd/sdp/orchestrate.go:48.18,50.4 1 0
github.com/ai-masters/sdp/cmd/sdp/orchestrate.go:53.3,54.17 2 0
github.com/ai-masters/sdp/cmd/sdp/orchestrate.go:54.17,56.4 1 0
github.com/ai-masters/sdp/cmd/sdp/orchestrate.go:59.3,73.17 10 0
github.com/ai-masters/sdp/cmd/sdp/orchestrate.go:73.17,75.4 1 0
github.com/ai-masters/sdp/cmd/sdp/orchestrate.go:77.3,78.13 2 0
github.com/ai-masters/sdp/cmd/sdp/orchestrate.go:90.54,95.17 3 0
github.com/ai-masters/sdp/cmd/sdp/orchestrate.go:95.17,97.4 1 0
github.com/ai-masters/sdp/cmd/sdp/orchestrate.go:99.3,99.16 1 0
github.com/ai-masters/sdp/cmd/sdp/orchestrate.go:99.16,101.18 2 0
github.com/ai-masters/sdp/cmd/sdp/orchestrate.go:101.18,103.5 1 0
github.com/ai-masters/sdp/cmd/sdp/orchestrate.go:107.3,108.17 2 0
github.com/ai-masters/sdp/cmd/sdp/orchestrate.go:108.17,110.4 1 0
github.com/ai-masters/sdp/cmd/sdp/orchestrate.go:112.3,112.18 1 0
github.com/ai-masters/sdp/cmd/sdp/orchestrate.go:112.18,114.4 1 0
github.com/ai-masters/sdp/cmd/sdp/orchestrate.go:117.3,118.17 2 0
github.com/ai-masters/sdp/cmd/sdp/orchestrate.go:118.17,120.4 1 0
github.com/ai-masters/sdp/cmd/sdp/orchestrate.go:123.3,136.17 9 0
github.com/ai-masters/sdp/cmd/sdp/orchestrate.go:136.17,138.4 1 0
github.com/ai-masters/sdp/cmd/sdp/orchestrate.go:140.3,141.13 2 0
github.com/ai-masters/sdp/cmd/sdp/orchestrate.go:145.13,153.2 4 1
github.com/ai-masters/sdp/cmd/sdp/parse.go:12.32,26.55 2 0
github.com/ai-masters/sdp/cmd/sdp/parse.go:26.55,27.20 1 0
github.com/ai-masters/sdp/cmd/sdp/parse.go:27.20,29.5 1 0
github.com/ai-masters/sdp/cmd/sdp/parse.go:31.4,31.30 1 0
github.com/ai-masters/sdp/cmd/sdp/parse.go:35.2,37.12 2 0
github.com/ai-masters/sdp/cmd/sdp/parse.go:40.56,41.20 1 0
github.com/ai-masters/sdp/cmd/sdp/parse.go:41.20,43.3 1 0
github.com/ai-masters/sdp/cmd/sdp/parse.go:45.2,49.21 3 0
github.com/ai-masters/sdp/cmd/sdp/parse.go:49.21,51.3 1 0
github.com/ai-masters/sdp/cmd/sdp/parse.go:54.2,55.16 2 0
github.com/ai-masters/sdp/cmd/sdp/parse.go:55.16,57.3 1 0
github.com/ai-masters/sdp/cmd/sdp/parse.go:60.2,61.16 2 0
github.com/ai-masters/sdp/cmd/sdp/parse.go:61.16,63.3 1 0
github.com/ai-masters/sdp/cmd/sdp/parse.go:66.2,68.12 2 0
github.com/ai-masters/sdp/cmd/sdp/parse.go:71.59,72.20 1 0
github.com/ai-masters/sdp/cmd/sdp/parse.go:72.20,74.3 1 0
github.com/ai-masters/sdp/cmd/sdp/parse.go:76.2,81.35 3 0
github.com/ai-masters/sdp/cmd/sdp/parse.go:81.35,83.3 1 0
github.com/ai-masters/sdp/cmd/sdp/parse.go:86.2,87.16 2 0
github.com/ai-masters/sdp/cmd/sdp/parse.go:87.16,89.3 1 0
github.com/ai-masters/sdp/cmd/sdp/parse.go:91.2,91.22 1 0
github.com/ai-masters/sdp/cmd/sdp/parse.go:91.22,94.3 2 0
github.com/ai-masters/sdp/cmd/sdp/parse.go:96.2,97.31 2 0
github.com/ai-masters/sdp/cmd/sdp/parse.go:97.31,99.32 2 0
github.com/ai-masters/sdp/cmd/sdp/parse.go:99.32,101.4 1 0
github.com/ai-masters/sdp/cmd/sdp/parse.go:102.3,102.85 1 0
github.com/ai-masters/sdp/cmd/sdp/parse.go:106.2,106.31 1 0
github.com/ai-masters/sdp/cmd/sdp/parse.go:106.31,107.32 1 0
github.com/ai-masters/sdp/cmd/sdp/parse.go:107.32,109.4 1 0
github.com/ai-masters/sdp/cmd/sdp/parse.go:112.2,112.12 1 0
github.com/ai-masters/sdp/cmd/sdp/parse.go:115.54,124.32 2 0
github.com/ai-masters/sdp/cmd/sdp/parse.go:124.32,125.41 1 0
github.com/ai-masters/sdp/cmd/sdp/parse.go:125.41,127.4 1 0
github.com/ai-masters/sdp/cmd/sdp/parse.go:130.2,130.62 1 0
github.com/ai-masters/sdp/cmd/sdp/parse.go:133.47,140.28 6 0
github.com/ai-masters/sdp/cmd/sdp/parse.go:140.28,142.36 2 0
github.com/ai-masters/sdp/cmd/sdp/parse.go:142.36,144.4 1 0
github.com/ai-masters/sdp/cmd/sdp/parse.go:145.3,145.16 1 0
github.com/ai-masters/sdp/cmd/sdp/parse.go:148.2,148.65 1 0
github.com/ai-masters/sdp/cmd/sdp/parse.go:148.65,151.39 2 0
github.com/ai-masters/sdp/cmd/sdp/parse.go:151.39,153.46 2 0
github.com/ai-masters/sdp/cmd/sdp/parse.go:153.46,155.5 1 0
github.com/ai-masters/sdp/cmd/sdp/parse.go:158.3,158.30 1 0
github.com/ai-masters/sdp/cmd/sdp/parse.go:158.30,160.37 2 0
github.com/ai-masters/sdp/cmd/sdp/parse.go:160.37,162.5 1 0
github.com/ai-masters/sdp/cmd/sdp/parse.go:164.3,164.16 1 0
github.com/ai-masters/sdp/cmd/sdp/parse.go:168.55,170.31 2 0
github.com/ai-masters/sdp/cmd/sdp/parse.go:170.31,171.32 1 0
github.com/ai-masters/sdp/cmd/sdp/parse.go:171.32,173.4 1 0
github.com/ai-masters/sdp/cmd/sdp/parse.go:175.2,175.14 1 0
github.com/ai-masters/sdp/cmd/sdp/parse.go:179.46,186.44 2 0
github.com/ai-masters/sdp/cmd/sdp/parse.go:186.44,187.30 1 0
github.com/ai-masters/sdp/cmd/sdp/parse.go:187.30,189.4 1 0
github.com/ai-masters/sdp/cmd/sdp/parse.go:191.2,191.14 1 0
github.com/ai-masters/sdp/cmd/sdp/parse.go:195.38,197.2 1 0
github.com/ai-masters/sdp/cmd/sdp/parse.go:200.42,201.43 1 0
github.com/ai-masters/sdp/cmd/sdp/parse.go:201.43,202.35 1 0
github.com/ai-masters/sdp/cmd/sdp/parse.go:202.35,204.4 1 0
github.com/ai-masters/sdp/cmd/sdp/parse.go:206.2,206.11 1 0
github.com/ai-masters/sdp/cmd/sdp/quality.go:7.34,24.55 2 0
github.com/ai-masters/sdp/cmd/sdp/quality.go:24.55,26.4 1 0
github.com/ai-masters/sdp/cmd/sdp/quality.go:29.2,32.55 1 0
github.com/ai-masters/sdp/cmd/sdp/quality.go:32.55,34.4 1 0
github.com/ai-masters/sdp/cmd/sdp/quality.go:37.2,40.55 1 0
github.com/ai-masters/sdp/cmd/sdp/quality.go:40.55,42.4 1 0
github.com/ai-masters/sdp/cmd/sdp/quality.go:45.2,48.55 1 0
github.com/ai-masters/sdp/cmd/sdp/quality.go:48.55,50.4 1 0
github.com/ai-masters/sdp/cmd/sdp/quality.go:53.2,56.55 1 0
github.com/ai-masters/sdp/cmd/sdp/quality.go:56.55,58.4 1 0
github.com/ai-masters/sdp/cmd/sdp/quality.go:61.2,61.12 1 0
github.com/ai-masters/sdp/cmd/sdp/quality_impl.go:10.33,13.16 3 0
github.com/ai-masters/sdp/cmd/sdp/quality_impl.go:13.16,15.3 1 0
github.com/ai-masters/sdp/cmd/sdp/quality_impl.go:17.2,18.16 2 0
github.com/ai-masters/sdp/cmd/sdp/quality_impl.go:18.16,20.3 1 0
github.com/ai-masters/sdp/cmd/sdp/quality_impl.go:22.2,26.19 5 0
github.com/ai-masters/sdp/cmd/sdp/quality_impl.go:26.19,28.3 1 0
github.com/ai-masters/sdp/cmd/sdp/quality_impl.go:28.8,30.3 1 0
github.com/ai-masters/sdp/cmd/sdp/quality_impl.go:32.2,32.25 1 0
github.com/ai-masters/sdp/cmd/sdp/quality_impl.go:32.25,34.3 1 0
github.com/ai-masters/sdp/cmd/sdp/quality_impl.go:36.2,36.32 1 0
github.com/ai-masters/sdp/cmd/sdp/quality_impl.go:36.32,38.39 2 0
github.com/ai-masters/sdp/cmd/sdp/quality_impl.go:38.39,40.4 1 0
github.com/ai-masters/sdp/cmd/sdp/quality_impl.go:43.2,43.20 1 0
github.com/ai-masters/sdp/cmd/sdp/quality_impl.go:43.20,45.3 1 0
github.com/ai-masters/sdp/cmd/sdp/quality_impl.go:47.2,47.12 1 0
github.com/ai-masters/sdp/cmd/sdp/quality_impl.go:50.35,53.16 3 0
github.com/ai-masters/sdp/cmd/sdp/quality_impl.go:53.16,55.3 1 0
github.com/ai-masters/sdp/cmd/sdp/quality_impl.go:57.2,58.16 2 0
github.com/ai-masters/sdp/cmd/sdp/quality_impl.go:58.16,60.3 1 0
github.com/ai-masters/sdp/cmd/sdp/quality_impl.go:62.2,66.19 5 0
github.com/ai-masters/sdp/cmd/sdp/quality_impl.go:66.19,68.3 1 0
github.com/ai-masters/sdp/cmd/sdp/quality_impl.go:68.8,70.3 1 0
github.com/ai-masters/sdp/cmd/sdp/quality_impl.go:72.2,72.34 1 0
github.com/ai-masters/sdp/cmd/sdp/quality_impl.go:72.34,74.41 2 0
github.com/ai-masters/sdp/cmd/sdp/quality_impl.go:74.41,76.4 1 0
github.com/ai-masters/sdp/cmd/sdp/quality_impl.go:79.2,79.20 1 0
github.com/ai-masters/sdp/cmd/sdp/quality_impl.go:79.20,81.3 1 0
github.com/ai-masters/sdp/cmd/sdp/quality_impl.go:83.2,83.12 1 0
github.com/ai-masters/sdp/cmd/sdp/quality_impl.go:86.29,89.16 3 0
github.com/ai-masters/sdp/cmd/sdp/quality_impl.go:89.16,91.3 1 0
github.com/ai-masters/sdp/cmd/sdp/quality_impl.go:93.2,94.16 2 0
github.com/ai-masters/sdp/cmd/sdp/quality_impl.go:94.16,96.3 1 0
github.com/ai-masters/sdp/cmd/sdp/quality_impl.go:98.2,102.19 5 0
github.com/ai-masters/sdp/cmd/sdp/quality_impl.go:102.19,104.3 1 0
github.com/ai-masters/sdp/cmd/sdp/quality_impl.go:104.8,106.3 1 0
github.com/ai-masters/sdp/cmd/sdp/quality_impl.go:108.2,108.31 1 0
github.com/ai-masters/sdp/cmd/sdp/quality_impl.go:108.31,110.38 2 0
github.com/ai-masters/sdp/cmd/sdp/quality_impl.go:110.38,112.4 1 0
github.com/ai-masters/sdp/cmd/sdp/quality_impl.go:115.2,115.20 1 0
github.com/ai-masters/sdp/cmd/sdp/quality_impl.go:115.20,117.3 1 0
github.com/ai-masters/sdp/cmd/sdp/quality_impl.go:119.2,119.12 1 0
github.com/ai-masters/sdp/cmd/sdp/quality_types.go:10.30,13.16 3 0
github.com/ai-masters/sdp/cmd/sdp/quality_types.go:13.16,15.3 1 0
github.com/ai-masters/sdp/cmd/sdp/quality_types.go:17.2,18.16 2 0
github.com/ai-masters/sdp/cmd/sdp/quality_types.go:18.16,20.3 1 0
github.com/ai-masters/sdp/cmd/sdp/quality_types.go:22.2,24.19 3 0
github.com/ai-masters/sdp/cmd/sdp/quality_types.go:24.19,26.3 1 0
github.com/ai-masters/sdp/cmd/sdp/quality_types.go:26.8,28.3 1 0
github.com/ai-masters/sdp/cmd/sdp/quality_types.go:30.2,30.28 1 0
github.com/ai-masters/sdp/cmd/sdp/quality_types.go:30.28,32.35 2 0
github.com/ai-masters/sdp/cmd/sdp/quality_types.go:32.35,33.18 1 0
github.com/ai-masters/sdp/cmd/sdp/quality_types.go:33.18,35.5 1 0
github.com/ai-masters/sdp/cmd/sdp/quality_types.go:35.10,37.5 1 0
github.com/ai-masters/sdp/cmd/sdp/quality_types.go:41.2,41.30 1 0
github.com/ai-masters/sdp/cmd/sdp/quality_types.go:41.30,43.37 2 0
github.com/ai-masters/sdp/cmd/sdp/quality_types.go:43.37,45.4 1 0
github.com/ai-masters/sdp/cmd/sdp/quality_types.go:48.2,48.20 1 0
github.com/ai-masters/sdp/cmd/sdp/quality_types.go:48.20,50.3 1 0
github.com/ai-masters/sdp/cmd/sdp/quality_types.go:52.2,52.12 1 0
github.com/ai-masters/sdp/cmd/sdp/quality_types.go:55.28,58.16 3 0
github.com/ai-masters/sdp/cmd/sdp/quality_types.go:58.16,60.3 1 0
github.com/ai-masters/sdp/cmd/sdp/quality_types.go:62.2,69.22 6 0
github.com/ai-masters/sdp/cmd/sdp/quality_types.go:69.22,71.3 1 0
github.com/ai-masters/sdp/cmd/sdp/quality_types.go:71.8,73.3 1 0
github.com/ai-masters/sdp/cmd/sdp/quality_types.go:76.2,79.21 4 0
github.com/ai-masters/sdp/cmd/sdp/quality_types.go:79.21,81.3 1 0
github.com/ai-masters/sdp/cmd/sdp/quality_types.go:81.8,83.3 1 0
github.com/ai-masters/sdp/cmd/sdp/quality_types.go:86.2,89.23 4 0
github.com/ai-masters/sdp/cmd/sdp/quality_types.go:89.23,91.3 1 0
github.com/ai-masters/sdp/cmd/sdp/quality_types.go:91.8,93.3 1 0
github.com/ai-masters/sdp/cmd/sdp/quality_types.go:96.2,99.23 4 0
github.com/ai-masters/sdp/cmd/sdp/quality_types.go:99.23,101.3 1 0
github.com/ai-masters/sdp/cmd/sdp/quality_types.go:101.8,103.3 1 0
github.com/ai-masters/sdp/cmd/sdp/quality_types.go:105.2,107.15 3 0
github.com/ai-masters/sdp/cmd/sdp/quality_types.go:107.15,109.3 1 0
github.com/ai-masters/sdp/cmd/sdp/quality_types.go:109.8,112.3 2 0
github.com/ai-masters/sdp/cmd/sdp/quality_types.go:114.2,114.12 1 0
github.com/ai-masters/sdp/cmd/sdp/tdd.go:14.30,37.55 1 0
github.com/ai-masters/sdp/cmd/sdp/tdd.go:37.55,42.22 3 0
github.com/ai-masters/sdp/cmd/sdp/tdd.go:42.22,44.5 1 0
github.com/ai-masters/sdp/cmd/sdp/tdd.go:47.4,48.17 2 0
github.com/ai-masters/sdp/cmd/sdp/tdd.go:49.15,50.23 1 0
github.com/ai-masters/sdp/cmd/sdp/tdd.go:51.17,52.25 1 0
github.com/ai-masters/sdp/cmd/sdp/tdd.go:53.20,54.28 1 0
github.com/ai-masters/sdp/cmd/sdp/tdd.go:55.12,56.84 1 0
github.com/ai-masters/sdp/cmd/sdp/tdd.go:60.4,69.14 6 0
github.com/ai-masters/sdp/cmd/sdp/tdd.go:69.14,73.5 3 0
github.com/ai-masters/sdp/cmd/sdp/tdd.go:76.4,81.22 4 0
github.com/ai-masters/sdp/cmd/sdp/tdd.go:81.22,83.5 1 0
github.com/ai-masters/sdp/cmd/sdp/tdd.go:83.10,85.5 1 0
github.com/ai-masters/sdp/cmd/sdp/tdd.go:87.4,87.27 1 0
github.com/ai-masters/sdp/cmd/sdp/tdd.go:87.27,89.5 1 0
github.com/ai-masters/sdp/cmd/sdp/tdd.go:91.4,91.27 1 0
github.com/ai-masters/sdp/cmd/sdp/tdd.go:91.27,93.5 1 0
github.com/ai-masters/sdp/cmd/sdp/tdd.go:95.4,95.18 1 0
github.com/ai-masters/sdp/cmd/sdp/tdd.go:95.18,97.5 1 0
github.com/ai-masters/sdp/cmd/sdp/tdd.go:99.4,99.14 1 0
github.com/ai-masters/sdp/cmd/sdp/tdd.go:103.2,103.12 1 0
github.com/ai-masters/sdp/cmd/sdp/telemetry.go:24.54,27.3 1 0
github.com/ai-masters/sdp/cmd/sdp/telemetry.go:33.54,35.17 2 0
github.com/ai-masters/sdp/cmd/sdp/telemetry.go:35.17,37.4 1 0
github.com/ai-masters/sdp/cmd/sdp/telemetry.go:39.3,41.17 3 0
github.com/ai-masters/sdp/cmd/sdp/telemetry.go:41.17,43.4 1 0
github.com/ai-masters/sdp/cmd/sdp/telemetry.go:46.3,47.48 2 0
github.com/ai-masters/sdp/cmd/sdp/telemetry.go:47.48,49.18 2 0
github.com/ai-masters/sdp/cmd/sdp/telemetry.go:49.18,51.5 1 0
github.com/ai-masters/sdp/cmd/sdp/telemetry.go:53.4,54.56 2 0
github.com/ai-masters/sdp/cmd/sdp/telemetry.go:54.56,55.59 1 0
github.com/ai-masters/sdp/cmd/sdp/telemetry.go:55.59,57.6 1 0
github.com/ai-masters/sdp/cmd/sdp/telemetry.go:61.3,68.13 6 0
github.com/ai-masters/sdp/cmd/sdp/telemetry.go:80.54,82.20 2 0
github.com/ai-masters/sdp/cmd/sdp/telemetry.go:82.20,84.4 1 0
github.com/ai-masters/sdp/cmd/sdp/telemetry.go:86.3,87.17 2 0
github.com/ai-masters/sdp/cmd/sdp/telemetry.go:87.17,89.4 1 0
github.com/ai-masters/sdp/cmd/sdp/telemetry.go:91.3,93.17 3 0
github.com/ai-masters/sdp/cmd/sdp/telemetry.go:93.17,95.4 1 0
github.com/ai-masters/sdp/cmd/sdp/telemetry.go:98.3,101.17 2 0
github.com/ai-masters/sdp/cmd/sdp/telemetry.go:102.15,103.59 1 0
github.com/ai-masters/sdp/cmd/sdp/telemetry.go:103.59,105.5 1 0
github.com/ai-masters/sdp/cmd/sdp/telemetry.go:106.14,107.58 1 0
github.com/ai-masters/sdp/cmd/sdp/telemetry.go:107.58,109.5 1 0
github.com/ai-masters/sdp/cmd/sdp/telemetry.go:110.11,111.73 1 0
github.com/ai-masters/sdp/cmd/sdp/telemetry.go:114.3,115.13 2 0
github.com/ai-masters/sdp/cmd/sdp/telemetry.go:122.54,124.17 2 0
github.com/ai-masters/sdp/cmd/sdp/telemetry.go:124.17,126.4 1 0
github.com/ai-masters/sdp/cmd/sdp/telemetry.go:129.3,130.55 2 0
github.com/ai-masters/sdp/cmd/sdp/telemetry.go:130.55,132.4 1 0
github.com/ai-masters/sdp/cmd/sdp/telemetry.go:135.3,138.17 4 0
github.com/ai-masters/sdp/cmd/sdp/telemetry.go:138.17,140.4 1 0
github.com/ai-masters/sdp/cmd/sdp/telemetry.go:143.3,143.62 1 0
github.com/ai-masters/sdp/cmd/sdp/telemetry.go:143.62,145.4 1 0
github.com/ai-masters/sdp/cmd/sdp/telemetry.go:147.3,148.13 2 0
github.com/ai-masters/sdp/cmd/sdp/telemetry.go:155.54,157.17 2 0
github.com/ai-masters/sdp/cmd/sdp/telemetry.go:157.17,159.4 1 0
github.com/ai-masters/sdp/cmd/sdp/telemetry.go:162.3,163.70 2 0
github.com/ai-masters/sdp/cmd/sdp/telemetry.go:163.70,165.4 1 0
github.com/ai-masters/sdp/cmd/sdp/telemetry.go:167.3,168.13 2 0
github.com/ai-masters/sdp/cmd/sdp/telemetry.go:182.54,184.17 2 0
github.com/ai-masters/sdp/cmd/sdp/telemetry.go:184.17,186.4 1 0
github.com/ai-masters/sdp/cmd/sdp/telemetry.go:188.3,190.17 3 0
github.com/ai-masters/sdp/cmd/sdp/telemetry.go:190.17,192.4 1 0
github.com/ai-masters/sdp/cmd/sdp/telemetry.go:195.3,196.17 2 0
github.com/ai-masters/sdp/cmd/sdp/telemetry.go:196.17,198.4 1 0
github.com/ai-masters/sdp/cmd/sdp/telemetry.go:201.3,205.35 4 0
github.com/ai-masters/sdp/cmd/sdp/telemetry.go:205.35,208.48 3 0
github.com/ai-masters/sdp/cmd/sdp/telemetry.go:208.48,213.5 4 0
github.com/ai-masters/sdp/cmd/sdp/telemetry.go:216.3,216.32 1 0
github.com/ai-masters/sdp/cmd/sdp/telemetry.go:216.32,219.41 3 0
github.com/ai-masters/sdp/cmd/sdp/telemetry.go:219.41,221.5 1 0
github.com/ai-masters/sdp/cmd/sdp/telemetry.go:224.3,225.13 2 0
github.com/ai-masters/sdp/cmd/sdp/telemetry.go:229.13,235.2 5 1
github.com/ai-masters/sdp/cmd/sdp/watch.go:12.32,33.55 2 0
github.com/ai-masters/sdp/cmd/sdp/watch.go:33.55,35.21 1 0
github.com/ai-masters/sdp/cmd/sdp/watch.go:35.21,37.5 1 0
github.com/ai-masters/sdp/cmd/sdp/watch.go:38.4,38.23 1 0
github.com/ai-masters/sdp/cmd/sdp/watch.go:38.23,40.5 1 0
github.com/ai-masters/sdp/cmd/sdp/watch.go:43.4,50.18 3 0
github.com/ai-masters/sdp/cmd/sdp/watch.go:50.18,52.5 1 0
github.com/ai-masters/sdp/cmd/sdp/watch.go:53.4,61.14 5 0
github.com/ai-masters/sdp/cmd/sdp/watch.go:61.14,63.5 1 0
github.com/ai-masters/sdp/cmd/sdp/watch.go:66.4,66.11 1 0
github.com/ai-masters/sdp/cmd/sdp/watch.go:67.19,73.28 4 0
github.com/ai-masters/sdp/cmd/sdp/watch.go:73.28,75.35 2 0
github.com/ai-masters/sdp/cmd/sdp/watch.go:75.35,77.7 1 0
github.com/ai-masters/sdp/cmd/sdp/watch.go:78.11,80.6 1 0
github.com/ai-masters/sdp/cmd/sdp/watch.go:82.5,82.15 1 0
github.com/ai-masters/sdp/cmd/sdp/watch.go:83.26,84.15 1 0
github.com/ai-masters/sdp/cmd/sdp/watch.go:89.2,93.12 4 0
