mode: set
github.com/fall-out-bug/sdp/internal/quality/checker.go:77.55,84.16 3 1
github.com/fall-out-bug/sdp/internal/quality/checker.go:84.16,86.3 1 0
github.com/fall-out-bug/sdp/internal/quality/checker.go:87.2,89.15 2 1
github.com/fall-out-bug/sdp/internal/quality/checker.go:92.53,94.83 1 1
github.com/fall-out-bug/sdp/internal/quality/checker.go:94.83,96.3 1 1
github.com/fall-out-bug/sdp/internal/quality/checker.go:97.2,97.77 1 1
github.com/fall-out-bug/sdp/internal/quality/checker.go:97.77,99.3 1 0
github.com/fall-out-bug/sdp/internal/quality/checker.go:100.2,100.85 1 1
github.com/fall-out-bug/sdp/internal/quality/checker.go:100.85,102.3 1 0
github.com/fall-out-bug/sdp/internal/quality/checker.go:105.2,105.75 1 1
github.com/fall-out-bug/sdp/internal/quality/checker.go:105.75,107.3 1 1
github.com/fall-out-bug/sdp/internal/quality/checker.go:110.2,110.76 1 1
github.com/fall-out-bug/sdp/internal/quality/checker.go:110.76,112.3 1 1
github.com/fall-out-bug/sdp/internal/quality/checker.go:115.2,120.29 5 1
github.com/fall-out-bug/sdp/internal/quality/checker.go:120.29,121.19 1 1
github.com/fall-out-bug/sdp/internal/quality/checker.go:121.19,122.12 1 0
github.com/fall-out-bug/sdp/internal/quality/checker.go:124.3,125.37 2 1
github.com/fall-out-bug/sdp/internal/quality/checker.go:125.37,127.4 1 1
github.com/fall-out-bug/sdp/internal/quality/checker.go:127.9,127.44 1 1
github.com/fall-out-bug/sdp/internal/quality/checker.go:127.44,129.4 1 1
github.com/fall-out-bug/sdp/internal/quality/checker.go:129.9,129.46 1 1
github.com/fall-out-bug/sdp/internal/quality/checker.go:129.46,131.4 1 1
github.com/fall-out-bug/sdp/internal/quality/checker.go:135.2,135.75 1 1
github.com/fall-out-bug/sdp/internal/quality/checker.go:135.75,137.3 1 1
github.com/fall-out-bug/sdp/internal/quality/checker.go:137.8,137.74 1 1
github.com/fall-out-bug/sdp/internal/quality/checker.go:137.74,139.3 1 1
github.com/fall-out-bug/sdp/internal/quality/checker.go:139.8,139.26 1 1
github.com/fall-out-bug/sdp/internal/quality/checker.go:139.26,141.3 1 1
github.com/fall-out-bug/sdp/internal/quality/checker.go:144.2,144.20 1 1
github.com/fall-out-bug/sdp/internal/quality/complexity.go:7.64,12.23 2 1
github.com/fall-out-bug/sdp/internal/quality/complexity.go:13.14,14.41 1 1
github.com/fall-out-bug/sdp/internal/quality/complexity.go:15.10,16.37 1 1
github.com/fall-out-bug/sdp/internal/quality/complexity.go:17.12,18.39 1 0
github.com/fall-out-bug/sdp/internal/quality/complexity.go:19.10,20.75 1 0
github.com/fall-out-bug/sdp/internal/quality/complexity_go.go:11.90,17.16 4 1
github.com/fall-out-bug/sdp/internal/quality/complexity_go.go:17.16,20.3 1 1
github.com/fall-out-bug/sdp/internal/quality/complexity_go.go:23.2,31.29 7 0
github.com/fall-out-bug/sdp/internal/quality/complexity_go.go:31.29,33.17 2 0
github.com/fall-out-bug/sdp/internal/quality/complexity_go.go:33.17,34.12 1 0
github.com/fall-out-bug/sdp/internal/quality/complexity_go.go:37.3,38.22 2 0
github.com/fall-out-bug/sdp/internal/quality/complexity_go.go:38.22,40.18 2 0
github.com/fall-out-bug/sdp/internal/quality/complexity_go.go:40.18,43.19 3 0
github.com/fall-out-bug/sdp/internal/quality/complexity_go.go:43.19,45.6 1 0
github.com/fall-out-bug/sdp/internal/quality/complexity_go.go:47.5,47.30 1 0
github.com/fall-out-bug/sdp/internal/quality/complexity_go.go:47.30,55.6 2 0
github.com/fall-out-bug/sdp/internal/quality/complexity_go.go:60.2,60.19 1 0
github.com/fall-out-bug/sdp/internal/quality/complexity_go.go:60.19,62.3 1 0
github.com/fall-out-bug/sdp/internal/quality/complexity_go.go:63.2,67.20 4 0
github.com/fall-out-bug/sdp/internal/quality/complexity_go.go:70.90,72.91 1 1
github.com/fall-out-bug/sdp/internal/quality/complexity_go.go:72.91,73.33 1 1
github.com/fall-out-bug/sdp/internal/quality/complexity_go.go:73.33,75.4 1 1
github.com/fall-out-bug/sdp/internal/quality/complexity_go.go:77.3,77.38 1 1
github.com/fall-out-bug/sdp/internal/quality/complexity_go.go:77.38,79.4 1 0
github.com/fall-out-bug/sdp/internal/quality/complexity_go.go:82.3,82.80 1 1
github.com/fall-out-bug/sdp/internal/quality/complexity_go.go:82.80,84.4 1 0
github.com/fall-out-bug/sdp/internal/quality/complexity_go.go:86.3,87.17 2 1
github.com/fall-out-bug/sdp/internal/quality/complexity_go.go:87.17,89.4 1 0
github.com/fall-out-bug/sdp/internal/quality/complexity_go.go:91.3,95.37 4 1
github.com/fall-out-bug/sdp/internal/quality/complexity_go.go:95.37,102.4 1 1
github.com/fall-out-bug/sdp/internal/quality/complexity_go.go:104.3,104.33 1 1
github.com/fall-out-bug/sdp/internal/quality/complexity_go.go:104.33,106.4 1 1
github.com/fall-out-bug/sdp/internal/quality/complexity_go.go:108.3,108.13 1 1
github.com/fall-out-bug/sdp/internal/quality/complexity_go.go:111.2,111.16 1 1
github.com/fall-out-bug/sdp/internal/quality/complexity_go.go:111.16,113.3 1 0
github.com/fall-out-bug/sdp/internal/quality/complexity_go.go:115.2,116.20 2 1
github.com/fall-out-bug/sdp/internal/quality/complexity_java.go:7.92,19.2 7 1
github.com/fall-out-bug/sdp/internal/quality/complexity_python.go:11.94,17.16 4 1
github.com/fall-out-bug/sdp/internal/quality/complexity_python.go:17.16,20.3 1 1
github.com/fall-out-bug/sdp/internal/quality/complexity_python.go:23.2,31.29 7 0
github.com/fall-out-bug/sdp/internal/quality/complexity_python.go:31.29,32.65 1 0
github.com/fall-out-bug/sdp/internal/quality/complexity_python.go:32.65,35.23 2 0
github.com/fall-out-bug/sdp/internal/quality/complexity_python.go:35.23,37.40 2 0
github.com/fall-out-bug/sdp/internal/quality/complexity_python.go:37.40,40.20 3 0
github.com/fall-out-bug/sdp/internal/quality/complexity_python.go:40.20,43.21 3 0
github.com/fall-out-bug/sdp/internal/quality/complexity_python.go:43.21,45.8 1 0
github.com/fall-out-bug/sdp/internal/quality/complexity_python.go:47.7,47.32 1 0
github.com/fall-out-bug/sdp/internal/quality/complexity_python.go:47.32,56.8 2 0
github.com/fall-out-bug/sdp/internal/quality/complexity_python.go:63.2,63.19 1 0
github.com/fall-out-bug/sdp/internal/quality/complexity_python.go:63.19,65.3 1 0
github.com/fall-out-bug/sdp/internal/quality/complexity_python.go:66.2,70.20 4 0
github.com/fall-out-bug/sdp/internal/quality/complexity_python.go:73.94,75.91 1 1
github.com/fall-out-bug/sdp/internal/quality/complexity_python.go:75.91,76.33 1 1
github.com/fall-out-bug/sdp/internal/quality/complexity_python.go:76.33,78.4 1 1
github.com/fall-out-bug/sdp/internal/quality/complexity_python.go:80.3,80.38 1 1
github.com/fall-out-bug/sdp/internal/quality/complexity_python.go:80.38,82.4 1 1
github.com/fall-out-bug/sdp/internal/quality/complexity_python.go:85.3,85.106 1 1
github.com/fall-out-bug/sdp/internal/quality/complexity_python.go:85.106,87.4 1 0
github.com/fall-out-bug/sdp/internal/quality/complexity_python.go:89.3,90.17 2 1
github.com/fall-out-bug/sdp/internal/quality/complexity_python.go:90.17,92.4 1 0
github.com/fall-out-bug/sdp/internal/quality/complexity_python.go:94.3,99.37 4 1
github.com/fall-out-bug/sdp/internal/quality/complexity_python.go:99.37,106.4 1 1
github.com/fall-out-bug/sdp/internal/quality/complexity_python.go:108.3,108.33 1 1
github.com/fall-out-bug/sdp/internal/quality/complexity_python.go:108.33,110.4 1 1
github.com/fall-out-bug/sdp/internal/quality/complexity_python.go:112.3,112.13 1 1
github.com/fall-out-bug/sdp/internal/quality/complexity_python.go:115.2,115.16 1 1
github.com/fall-out-bug/sdp/internal/quality/complexity_python.go:115.16,117.3 1 0
github.com/fall-out-bug/sdp/internal/quality/complexity_python.go:119.2,120.20 2 1
github.com/fall-out-bug/sdp/internal/quality/coverage.go:15.60,20.23 2 1
github.com/fall-out-bug/sdp/internal/quality/coverage.go:21.14,22.39 1 1
github.com/fall-out-bug/sdp/internal/quality/coverage.go:23.10,24.35 1 1
github.com/fall-out-bug/sdp/internal/quality/coverage.go:25.12,26.37 1 1
github.com/fall-out-bug/sdp/internal/quality/coverage.go:27.10,28.75 1 1
github.com/fall-out-bug/sdp/internal/quality/coverage.go:32.88,37.52 3 1
github.com/fall-out-bug/sdp/internal/quality/coverage.go:37.52,48.39 7 1
github.com/fall-out-bug/sdp/internal/quality/coverage.go:48.39,50.31 2 0
github.com/fall-out-bug/sdp/internal/quality/coverage.go:50.31,51.71 1 0
github.com/fall-out-bug/sdp/internal/quality/coverage.go:51.71,53.35 2 0
github.com/fall-out-bug/sdp/internal/quality/coverage.go:53.35,54.40 1 0
github.com/fall-out-bug/sdp/internal/quality/coverage.go:54.40,57.22 3 0
github.com/fall-out-bug/sdp/internal/quality/coverage.go:57.22,61.9 3 0
github.com/fall-out-bug/sdp/internal/quality/coverage.go:70.2,70.44 1 1
github.com/fall-out-bug/sdp/internal/quality/coverage.go:70.44,73.53 2 1
github.com/fall-out-bug/sdp/internal/quality/coverage.go:73.53,76.52 2 1
github.com/fall-out-bug/sdp/internal/quality/coverage.go:76.52,79.32 2 1
github.com/fall-out-bug/sdp/internal/quality/coverage.go:79.32,80.51 1 1
github.com/fall-out-bug/sdp/internal/quality/coverage.go:80.51,82.26 2 1
github.com/fall-out-bug/sdp/internal/quality/coverage.go:82.26,85.22 3 1
github.com/fall-out-bug/sdp/internal/quality/coverage.go:85.22,89.9 3 1
github.com/fall-out-bug/sdp/internal/quality/coverage.go:98.2,102.20 4 1
github.com/fall-out-bug/sdp/internal/quality/coverage.go:105.84,116.16 7 1
github.com/fall-out-bug/sdp/internal/quality/coverage.go:116.16,122.3 4 1
github.com/fall-out-bug/sdp/internal/quality/coverage.go:125.2,130.29 5 1
github.com/fall-out-bug/sdp/internal/quality/coverage.go:130.29,131.42 1 1
github.com/fall-out-bug/sdp/internal/quality/coverage.go:131.42,133.33 2 1
github.com/fall-out-bug/sdp/internal/quality/coverage.go:133.33,134.47 1 1
github.com/fall-out-bug/sdp/internal/quality/coverage.go:134.47,136.64 2 1
github.com/fall-out-bug/sdp/internal/quality/coverage.go:136.64,139.7 2 1
github.com/fall-out-bug/sdp/internal/quality/coverage.go:145.2,145.15 1 1
github.com/fall-out-bug/sdp/internal/quality/coverage.go:145.15,147.3 1 1
github.com/fall-out-bug/sdp/internal/quality/coverage.go:147.8,149.3 1 0
github.com/fall-out-bug/sdp/internal/quality/coverage.go:151.2,152.20 2 1
github.com/fall-out-bug/sdp/internal/quality/coverage.go:155.86,168.50 8 1
github.com/fall-out-bug/sdp/internal/quality/coverage.go:168.50,176.21 5 0
github.com/fall-out-bug/sdp/internal/quality/coverage.go:176.22,178.4 0 0
github.com/fall-out-bug/sdp/internal/quality/coverage.go:180.3,180.22 1 0
github.com/fall-out-bug/sdp/internal/quality/coverage.go:180.22,183.24 3 0
github.com/fall-out-bug/sdp/internal/quality/coverage.go:183.24,185.61 1 0
github.com/fall-out-bug/sdp/internal/quality/coverage.go:185.61,186.63 1 0
github.com/fall-out-bug/sdp/internal/quality/coverage.go:186.63,189.7 2 0
github.com/fall-out-bug/sdp/internal/quality/coverage.go:194.3,194.21 1 0
github.com/fall-out-bug/sdp/internal/quality/coverage.go:194.21,196.4 1 0
github.com/fall-out-bug/sdp/internal/quality/coverage.go:196.9,198.4 1 0
github.com/fall-out-bug/sdp/internal/quality/coverage.go:199.8,202.3 2 1
github.com/fall-out-bug/sdp/internal/quality/coverage.go:204.2,205.20 2 1
github.com/fall-out-bug/sdp/internal/quality/size.go:10.60,20.91 5 1
github.com/fall-out-bug/sdp/internal/quality/size.go:20.91,21.33 1 1
github.com/fall-out-bug/sdp/internal/quality/size.go:21.33,23.4 1 1
github.com/fall-out-bug/sdp/internal/quality/size.go:26.3,32.38 1 1
github.com/fall-out-bug/sdp/internal/quality/size.go:32.38,34.4 1 1
github.com/fall-out-bug/sdp/internal/quality/size.go:37.3,38.24 2 1
github.com/fall-out-bug/sdp/internal/quality/size.go:39.15,40.48 1 1
github.com/fall-out-bug/sdp/internal/quality/size.go:41.11,42.48 1 1
github.com/fall-out-bug/sdp/internal/quality/size.go:43.13,44.50 1 0
github.com/fall-out-bug/sdp/internal/quality/size.go:47.3,47.19 1 1
github.com/fall-out-bug/sdp/internal/quality/size.go:47.19,49.4 1 1
github.com/fall-out-bug/sdp/internal/quality/size.go:52.3,53.53 1 1
github.com/fall-out-bug/sdp/internal/quality/size.go:53.53,55.4 1 1
github.com/fall-out-bug/sdp/internal/quality/size.go:57.3,58.17 2 1
github.com/fall-out-bug/sdp/internal/quality/size.go:58.17,60.4 1 0
github.com/fall-out-bug/sdp/internal/quality/size.go:62.3,69.29 6 1
github.com/fall-out-bug/sdp/internal/quality/size.go:69.29,76.4 2 1
github.com/fall-out-bug/sdp/internal/quality/size.go:78.3,78.13 1 1
github.com/fall-out-bug/sdp/internal/quality/size.go:81.2,81.16 1 1
github.com/fall-out-bug/sdp/internal/quality/size.go:81.16,83.3 1 0
github.com/fall-out-bug/sdp/internal/quality/size.go:85.2,85.20 1 1
github.com/fall-out-bug/sdp/internal/quality/size.go:85.20,87.3 1 1
github.com/fall-out-bug/sdp/internal/quality/size.go:89.2,92.20 3 1
github.com/fall-out-bug/sdp/internal/quality/types.go:11.53,14.23 2 1
github.com/fall-out-bug/sdp/internal/quality/types.go:15.14,16.36 1 1
github.com/fall-out-bug/sdp/internal/quality/types.go:17.10,18.32 1 1
github.com/fall-out-bug/sdp/internal/quality/types.go:19.12,20.34 1 1
github.com/fall-out-bug/sdp/internal/quality/types.go:21.10,22.75 1 0
github.com/fall-out-bug/sdp/internal/quality/types.go:26.77,34.16 5 1
github.com/fall-out-bug/sdp/internal/quality/types.go:34.16,39.30 3 1
github.com/fall-out-bug/sdp/internal/quality/types.go:39.30,41.57 2 1
github.com/fall-out-bug/sdp/internal/quality/types.go:41.57,42.13 1 1
github.com/fall-out-bug/sdp/internal/quality/types.go:46.4,47.23 2 0
github.com/fall-out-bug/sdp/internal/quality/types.go:47.23,52.34 4 0
github.com/fall-out-bug/sdp/internal/quality/types.go:52.34,59.6 2 0
github.com/fall-out-bug/sdp/internal/quality/types.go:63.3,63.42 1 1
github.com/fall-out-bug/sdp/internal/quality/types.go:64.8,67.3 1 0
github.com/fall-out-bug/sdp/internal/quality/types.go:70.2,70.47 1 1
github.com/fall-out-bug/sdp/internal/quality/types.go:70.47,77.3 2 0
github.com/fall-out-bug/sdp/internal/quality/types.go:79.2,79.20 1 1
github.com/fall-out-bug/sdp/internal/quality/types.go:82.73,90.16 5 1
github.com/fall-out-bug/sdp/internal/quality/types.go:90.16,95.30 3 1
github.com/fall-out-bug/sdp/internal/quality/types.go:95.30,97.18 2 1
github.com/fall-out-bug/sdp/internal/quality/types.go:97.18,98.13 1 1
github.com/fall-out-bug/sdp/internal/quality/types.go:102.4,103.23 2 1
github.com/fall-out-bug/sdp/internal/quality/types.go:103.23,108.34 4 1
github.com/fall-out-bug/sdp/internal/quality/types.go:108.34,115.6 2 0
github.com/fall-out-bug/sdp/internal/quality/types.go:116.10,116.30 1 1
github.com/fall-out-bug/sdp/internal/quality/types.go:116.30,121.19 3 1
github.com/fall-out-bug/sdp/internal/quality/types.go:121.19,128.6 2 1
github.com/fall-out-bug/sdp/internal/quality/types.go:132.3,132.42 1 1
github.com/fall-out-bug/sdp/internal/quality/types.go:133.8,135.3 1 1
github.com/fall-out-bug/sdp/internal/quality/types.go:137.2,137.20 1 1
github.com/fall-out-bug/sdp/internal/quality/types.go:140.75,148.16 5 1
github.com/fall-out-bug/sdp/internal/quality/types.go:148.16,152.30 3 1
github.com/fall-out-bug/sdp/internal/quality/types.go:152.30,154.41 2 1
github.com/fall-out-bug/sdp/internal/quality/types.go:154.41,156.42 1 1
github.com/fall-out-bug/sdp/internal/quality/types.go:156.42,158.25 2 0
github.com/fall-out-bug/sdp/internal/quality/types.go:158.25,163.30 4 0
github.com/fall-out-bug/sdp/internal/quality/types.go:163.30,167.23 3 0
github.com/fall-out-bug/sdp/internal/quality/types.go:167.23,173.9 1 0
github.com/fall-out-bug/sdp/internal/quality/types.go:180.3,180.42 1 1
github.com/fall-out-bug/sdp/internal/quality/types.go:181.8,183.3 1 0
github.com/fall-out-bug/sdp/internal/quality/types.go:185.2,185.20 1 1
